<?xml version="1.0" encoding="UTF-8"?>
<testsuite xmlns:xsi="http://www.w3.org/2001/XMLSchema-instance" xsi:noNamespaceSchemaLocation="https://maven.apache.org/surefire/maven-failsafe-plugin/xsd/failsafe-test-report-3.0.xsd" version="3.0" name="Api_Netbox_Zabbix_Integration.CucumberTestSuite" time="261.587" tests="10" errors="0" skipped="0" failures="0">
  <properties>
    <property name="java.specification.version" value="20"/>
    <property name="sun.cpu.isalist" value="amd64"/>
    <property name="sun.jnu.encoding" value="Cp1252"/>
    <property name="java.class.path" value="C:\Data Adrian\NETBOX_TEST\Automation\target\test-classes;C:\Users\apablliu\.m2\repository\net\serenity-bdd\serenity-core\3.8.1\serenity-core-3.8.1.jar;C:\Users\apablliu\.m2\repository\net\serenity-bdd\serenity-model\3.8.1\serenity-model-3.8.1.jar;C:\Users\apablliu\.m2\repository\org\apache\commons\commons-text\1.10.0\commons-text-1.10.0.jar;C:\Users\apablliu\.m2\repository\commons-net\commons-net\3.9.0\commons-net-3.9.0.jar;C:\Users\apablliu\.m2\repository\com\google\guava\guava\31.1-jre\guava-31.1-jre.jar;C:\Users\apablliu\.m2\repository\com\google\guava\failureaccess\1.0.1\failureaccess-1.0.1.jar;C:\Users\apablliu\.m2\repository\com\google\guava\listenablefuture\9999.0-empty-to-avoid-conflict-with-guava\listenablefuture-9999.0-empty-to-avoid-conflict-with-guava.jar;C:\Users\apablliu\.m2\repository\com\google\code\findbugs\jsr305\3.0.2\jsr305-3.0.2.jar;C:\Users\apablliu\.m2\repository\org\checkerframework\checker-qual\3.12.0\checker-qual-3.12.0.jar;C:\Users\apablliu\.m2\repository\com\google\errorprone\error_prone_annotations\2.11.0\error_prone_annotations-2.11.0.jar;C:\Users\apablliu\.m2\repository\com\google\j2objc\j2objc-annotations\1.3\j2objc-annotations-1.3.jar;C:\Users\apablliu\.m2\repository\com\google\inject\guice\5.1.0\guice-5.1.0.jar;C:\Users\apablliu\.m2\repository\javax\inject\javax.inject\1\javax.inject-1.jar;C:\Users\apablliu\.m2\repository\aopalliance\aopalliance\1.0\aopalliance-1.0.jar;C:\Users\apablliu\.m2\repository\org\jsoup\jsoup\1.15.4\jsoup-1.15.4.jar;C:\Users\apablliu\.m2\repository\com\thoughtworks\xstream\xstream\1.4.20\xstream-1.4.20.jar;C:\Users\apablliu\.m2\repository\io\github\x-stream\mxparser\1.2.2\mxparser-1.2.2.jar;C:\Users\apablliu\.m2\repository\xmlpull\xmlpull\1.1.3.1\xmlpull-1.1.3.1.jar;C:\Users\apablliu\.m2\repository\com\typesafe\config\1.4.2\config-1.4.2.jar;C:\Users\apablliu\.m2\repository\org\imgscalr\imgscalr-lib\4.2\imgscalr-lib-4.2.jar;C:\Users\apablliu\.m2\repository\org\awaitility\awaitility\4.2.0\awaitility-4.2.0.jar;C:\Users\apablliu\.m2\repository\org\freemarker\freemarker\2.3.31\freemarker-2.3.31.jar;C:\Users\apablliu\.m2\repository\io\github\classgraph\classgraph\4.8.157\classgraph-4.8.157.jar;C:\Users\apablliu\.m2\repository\com\github\ben-manes\caffeine\caffeine\2.9.2\caffeine-2.9.2.jar;C:\Users\apablliu\.m2\repository\org\ehcache\ehcache\3.10.8\ehcache-3.10.8.jar;C:\Users\apablliu\.m2\repository\javax\cache\cache-api\1.1.0\cache-api-1.1.0.jar;C:\Users\apablliu\.m2\repository\net\sourceforge\jexcelapi\jxl\2.6.12\jxl-2.6.12.jar;C:\Users\apablliu\.m2\repository\net\bytebuddy\byte-buddy-agent\1.14.4\byte-buddy-agent-1.14.4.jar;C:\Users\apablliu\.m2\repository\org\objenesis\objenesis\3.3\objenesis-3.3.jar;C:\Users\apablliu\.m2\repository\com\vladsch\flexmark\flexmark-all\0.62.2\flexmark-all-0.62.2.jar;C:\Users\apablliu\.m2\repository\com\vladsch\flexmark\flexmark\0.62.2\flexmark-0.62.2.jar;C:\Users\apablliu\.m2\repository\com\vladsch\flexmark\flexmark-ext-abbreviation\0.62.2\flexmark-ext-abbreviation-0.62.2.jar;C:\Users\apablliu\.m2\repository\com\vladsch\flexmark\flexmark-util\0.62.2\flexmark-util-0.62.2.jar;C:\Users\apablliu\.m2\repository\com\vladsch\flexmark\flexmark-ext-admonition\0.62.2\flexmark-ext-admonition-0.62.2.jar;C:\Users\apablliu\.m2\repository\com\vladsch\flexmark\flexmark-ext-anchorlink\0.62.2\flexmark-ext-anchorlink-0.62.2.jar;C:\Users\apablliu\.m2\repository\com\vladsch\flexmark\flexmark-ext-aside\0.62.2\flexmark-ext-aside-0.62.2.jar;C:\Users\apablliu\.m2\repository\com\vladsch\flexmark\flexmark-ext-attributes\0.62.2\flexmark-ext-attributes-0.62.2.jar;C:\Users\apablliu\.m2\repository\com\vladsch\flexmark\flexmark-ext-autolink\0.62.2\flexmark-ext-autolink-0.62.2.jar;C:\Users\apablliu\.m2\repository\org\nibor\autolink\autolink\0.6.0\autolink-0.6.0.jar;C:\Users\apablliu\.m2\repository\com\vladsch\flexmark\flexmark-ext-definition\0.62.2\flexmark-ext-definition-0.62.2.jar;C:\Users\apablliu\.m2\repository\com\vladsch\flexmark\flexmark-ext-emoji\0.62.2\flexmark-ext-emoji-0.62.2.jar;C:\Users\apablliu\.m2\repository\com\vladsch\flexmark\flexmark-ext-enumerated-reference\0.62.2\flexmark-ext-enumerated-reference-0.62.2.jar;C:\Users\apablliu\.m2\repository\com\vladsch\flexmark\flexmark-ext-escaped-character\0.62.2\flexmark-ext-escaped-character-0.62.2.jar;C:\Users\apablliu\.m2\repository\com\vladsch\flexmark\flexmark-ext-footnotes\0.62.2\flexmark-ext-footnotes-0.62.2.jar;C:\Users\apablliu\.m2\repository\com\vladsch\flexmark\flexmark-ext-gfm-issues\0.62.2\flexmark-ext-gfm-issues-0.62.2.jar;C:\Users\apablliu\.m2\repository\com\vladsch\flexmark\flexmark-ext-gfm-strikethrough\0.62.2\flexmark-ext-gfm-strikethrough-0.62.2.jar;C:\Users\apablliu\.m2\repository\com\vladsch\flexmark\flexmark-ext-gfm-tasklist\0.62.2\flexmark-ext-gfm-tasklist-0.62.2.jar;C:\Users\apablliu\.m2\repository\com\vladsch\flexmark\flexmark-ext-gfm-users\0.62.2\flexmark-ext-gfm-users-0.62.2.jar;C:\Users\apablliu\.m2\repository\com\vladsch\flexmark\flexmark-ext-gitlab\0.62.2\flexmark-ext-gitlab-0.62.2.jar;C:\Users\apablliu\.m2\repository\com\vladsch\flexmark\flexmark-ext-jekyll-front-matter\0.62.2\flexmark-ext-jekyll-front-matter-0.62.2.jar;C:\Users\apablliu\.m2\repository\com\vladsch\flexmark\flexmark-ext-jekyll-tag\0.62.2\flexmark-ext-jekyll-tag-0.62.2.jar;C:\Users\apablliu\.m2\repository\com\vladsch\flexmark\flexmark-ext-media-tags\0.62.2\flexmark-ext-media-tags-0.62.2.jar;C:\Users\apablliu\.m2\repository\com\vladsch\flexmark\flexmark-ext-macros\0.62.2\flexmark-ext-macros-0.62.2.jar;C:\Users\apablliu\.m2\repository\com\vladsch\flexmark\flexmark-ext-ins\0.62.2\flexmark-ext-ins-0.62.2.jar;C:\Users\apablliu\.m2\repository\com\vladsch\flexmark\flexmark-ext-xwiki-macros\0.62.2\flexmark-ext-xwiki-macros-0.62.2.jar;C:\Users\apablliu\.m2\repository\com\vladsch\flexmark\flexmark-ext-superscript\0.62.2\flexmark-ext-superscript-0.62.2.jar;C:\Users\apablliu\.m2\repository\com\vladsch\flexmark\flexmark-ext-tables\0.62.2\flexmark-ext-tables-0.62.2.jar;C:\Users\apablliu\.m2\repository\com\vladsch\flexmark\flexmark-ext-toc\0.62.2\flexmark-ext-toc-0.62.2.jar;C:\Users\apablliu\.m2\repository\com\vladsch\flexmark\flexmark-ext-typographic\0.62.2\flexmark-ext-typographic-0.62.2.jar;C:\Users\apablliu\.m2\repository\com\vladsch\flexmark\flexmark-ext-wikilink\0.62.2\flexmark-ext-wikilink-0.62.2.jar;C:\Users\apablliu\.m2\repository\com\vladsch\flexmark\flexmark-ext-yaml-front-matter\0.62.2\flexmark-ext-yaml-front-matter-0.62.2.jar;C:\Users\apablliu\.m2\repository\com\vladsch\flexmark\flexmark-ext-youtube-embedded\0.62.2\flexmark-ext-youtube-embedded-0.62.2.jar;C:\Users\apablliu\.m2\repository\com\vladsch\flexmark\flexmark-html2md-converter\0.62.2\flexmark-html2md-converter-0.62.2.jar;C:\Users\apablliu\.m2\repository\com\vladsch\flexmark\flexmark-jira-converter\0.62.2\flexmark-jira-converter-0.62.2.jar;C:\Users\apablliu\.m2\repository\com\vladsch\flexmark\flexmark-pdf-converter\0.62.2\flexmark-pdf-converter-0.62.2.jar;C:\Users\apablliu\.m2\repository\com\openhtmltopdf\openhtmltopdf-core\1.0.0\openhtmltopdf-core-1.0.0.jar;C:\Users\apablliu\.m2\repository\com\openhtmltopdf\openhtmltopdf-pdfbox\1.0.0\openhtmltopdf-pdfbox-1.0.0.jar;C:\Users\apablliu\.m2\repository\org\apache\pdfbox\pdfbox\2.0.16\pdfbox-2.0.16.jar;C:\Users\apablliu\.m2\repository\org\apache\pdfbox\fontbox\2.0.16\fontbox-2.0.16.jar;C:\Users\apablliu\.m2\repository\org\apache\pdfbox\xmpbox\2.0.16\xmpbox-2.0.16.jar;C:\Users\apablliu\.m2\repository\de\rototor\pdfbox\graphics2d\0.24\graphics2d-0.24.jar;C:\Users\apablliu\.m2\repository\com\openhtmltopdf\openhtmltopdf-rtl-support\1.0.0\openhtmltopdf-rtl-support-1.0.0.jar;C:\Users\apablliu\.m2\repository\com\openhtmltopdf\openhtmltopdf-jsoup-dom-converter\1.0.0\openhtmltopdf-jsoup-dom-converter-1.0.0.jar;C:\Users\apablliu\.m2\repository\com\vladsch\flexmark\flexmark-profile-pegdown\0.62.2\flexmark-profile-pegdown-0.62.2.jar;C:\Users\apablliu\.m2\repository\com\vladsch\flexmark\flexmark-util-ast\0.62.2\flexmark-util-ast-0.62.2.jar;C:\Users\apablliu\.m2\repository\com\vladsch\flexmark\flexmark-util-builder\0.62.2\flexmark-util-builder-0.62.2.jar;C:\Users\apablliu\.m2\repository\com\vladsch\flexmark\flexmark-util-collection\0.62.2\flexmark-util-collection-0.62.2.jar;C:\Users\apablliu\.m2\repository\com\vladsch\flexmark\flexmark-util-data\0.62.2\flexmark-util-data-0.62.2.jar;C:\Users\apablliu\.m2\repository\com\vladsch\flexmark\flexmark-util-dependency\0.62.2\flexmark-util-dependency-0.62.2.jar;C:\Users\apablliu\.m2\repository\com\vladsch\flexmark\flexmark-util-format\0.62.2\flexmark-util-format-0.62.2.jar;C:\Users\apablliu\.m2\repository\com\vladsch\flexmark\flexmark-util-html\0.62.2\flexmark-util-html-0.62.2.jar;C:\Users\apablliu\.m2\repository\com\vladsch\flexmark\flexmark-util-misc\0.62.2\flexmark-util-misc-0.62.2.jar;C:\Users\apablliu\.m2\repository\com\vladsch\flexmark\flexmark-util-options\0.62.2\flexmark-util-options-0.62.2.jar;C:\Users\apablliu\.m2\repository\com\vladsch\flexmark\flexmark-util-sequence\0.62.2\flexmark-util-sequence-0.62.2.jar;C:\Users\apablliu\.m2\repository\com\vladsch\flexmark\flexmark-util-visitor\0.62.2\flexmark-util-visitor-0.62.2.jar;C:\Users\apablliu\.m2\repository\com\vladsch\flexmark\flexmark-youtrack-converter\0.62.2\flexmark-youtrack-converter-0.62.2.jar;C:\Users\apablliu\.m2\repository\net\serenity-bdd\serenity-reports\3.8.1\serenity-reports-3.8.1.jar;C:\Users\apablliu\.m2\repository\net\serenity-bdd\serenity-stats\3.8.1\serenity-stats-3.8.1.jar;C:\Users\apablliu\.m2\repository\net\serenity-bdd\serenity-reports-configuration\3.8.1\serenity-reports-configuration-3.8.1.jar;C:\Users\apablliu\.m2\repository\com\ibm\icu\icu4j\72.1\icu4j-72.1.jar;C:\Users\apablliu\.m2\repository\es\nitaur\markdown\txtmark\0.16\txtmark-0.16.jar;C:\Users\apablliu\.m2\repository\net\serenity-bdd\serenity-report-resources\3.8.1\serenity-report-resources-3.8.1.jar;C:\Users\apablliu\.m2\repository\com\google\code\gson\gson\2.10.1\gson-2.10.1.jar;C:\Users\apablliu\.m2\repository\com\fasterxml\jackson\core\jackson-core\2.15.0-rc1\jackson-core-2.15.0-rc1.jar;C:\Users\apablliu\.m2\repository\com\fasterxml\jackson\core\jackson-databind\2.15.0-rc1\jackson-databind-2.15.0-rc1.jar;C:\Users\apablliu\.m2\repository\com\fasterxml\jackson\core\jackson-annotations\2.15.0-rc1\jackson-annotations-2.15.0-rc1.jar;C:\Users\apablliu\.m2\repository\commons-codec\commons-codec\1.15\commons-codec-1.15.jar;C:\Users\apablliu\.m2\repository\commons-io\commons-io\2.11.0\commons-io-2.11.0.jar;C:\Users\apablliu\.m2\repository\org\apache\httpcomponents\httpclient\4.5.13\httpclient-4.5.13.jar;C:\Users\apablliu\.m2\repository\org\apache\httpcomponents\httpcore\4.4.13\httpcore-4.4.13.jar;C:\Users\apablliu\.m2\repository\commons-logging\commons-logging\1.2\commons-logging-1.2.jar;C:\Users\apablliu\.m2\repository\org\seleniumhq\selenium\selenium-api\4.10.0\selenium-api-4.10.0.jar;C:\Users\apablliu\.m2\repository\org\seleniumhq\selenium\selenium-support\4.10.0\selenium-support-4.10.0.jar;C:\Users\apablliu\.m2\repository\com\google\auto\service\auto-service-annotations\1.0.1\auto-service-annotations-1.0.1.jar;C:\Users\apablliu\.m2\repository\com\google\auto\service\auto-service\1.0.1\auto-service-1.0.1.jar;C:\Users\apablliu\.m2\repository\com\google\auto\auto-common\1.2\auto-common-1.2.jar;C:\Users\apablliu\.m2\repository\org\seleniumhq\selenium\selenium-json\4.10.0\selenium-json-4.10.0.jar;C:\Users\apablliu\.m2\repository\org\seleniumhq\selenium\selenium-chrome-driver\4.10.0\selenium-chrome-driver-4.10.0.jar;C:\Users\apablliu\.m2\repository\org\seleniumhq\selenium\selenium-chromium-driver\4.10.0\selenium-chromium-driver-4.10.0.jar;C:\Users\apablliu\.m2\repository\org\seleniumhq\selenium\selenium-manager\4.10.0\selenium-manager-4.10.0.jar;C:\Users\apablliu\.m2\repository\org\seleniumhq\selenium\selenium-firefox-driver\4.10.0\selenium-firefox-driver-4.10.0.jar;C:\Users\apablliu\.m2\repository\org\seleniumhq\selenium\selenium-http\4.10.0\selenium-http-4.10.0.jar;C:\Users\apablliu\.m2\repository\dev\failsafe\failsafe\3.3.1\failsafe-3.3.1.jar;C:\Users\apablliu\.m2\repository\org\seleniumhq\selenium\selenium-edge-driver\4.10.0\selenium-edge-driver-4.10.0.jar;C:\Users\apablliu\.m2\repository\org\seleniumhq\selenium\selenium-ie-driver\4.10.0\selenium-ie-driver-4.10.0.jar;C:\Users\apablliu\.m2\repository\org\projectlombok\lombok\1.18.20\lombok-1.18.20.jar;C:\Users\apablliu\.m2\repository\org\htmlunit\htmlunit\3.0.0\htmlunit-3.0.0.jar;C:\Users\apablliu\.m2\repository\org\apache\httpcomponents\httpmime\4.5.14\httpmime-4.5.14.jar;C:\Users\apablliu\.m2\repository\org\htmlunit\htmlunit-core-js\3.0.0\htmlunit-core-js-3.0.0.jar;C:\Users\apablliu\.m2\repository\org\htmlunit\neko-htmlunit\3.0.0\neko-htmlunit-3.0.0.jar;C:\Users\apablliu\.m2\repository\org\htmlunit\htmlunit-cssparser\3.0.0\htmlunit-cssparser-3.0.0.jar;C:\Users\apablliu\.m2\repository\org\htmlunit\htmlunit-xpath\3.0.0\htmlunit-xpath-3.0.0.jar;C:\Users\apablliu\.m2\repository\org\brotli\dec\0.1.2\dec-0.1.2.jar;C:\Users\apablliu\.m2\repository\com\shapesecurity\salvation2\3.0.1\salvation2-3.0.1.jar;C:\Users\apablliu\.m2\repository\org\eclipse\jetty\websocket\websocket-client\9.4.51.v20230217\websocket-client-9.4.51.v20230217.jar;C:\Users\apablliu\.m2\repository\org\eclipse\jetty\jetty-client\9.4.51.v20230217\jetty-client-9.4.51.v20230217.jar;C:\Users\apablliu\.m2\repository\org\eclipse\jetty\jetty-http\9.4.51.v20230217\jetty-http-9.4.51.v20230217.jar;C:\Users\apablliu\.m2\repository\org\eclipse\jetty\jetty-util\9.4.51.v20230217\jetty-util-9.4.51.v20230217.jar;C:\Users\apablliu\.m2\repository\org\eclipse\jetty\jetty-io\9.4.51.v20230217\jetty-io-9.4.51.v20230217.jar;C:\Users\apablliu\.m2\repository\org\eclipse\jetty\websocket\websocket-common\9.4.51.v20230217\websocket-common-9.4.51.v20230217.jar;C:\Users\apablliu\.m2\repository\org\eclipse\jetty\websocket\websocket-api\9.4.51.v20230217\websocket-api-9.4.51.v20230217.jar;C:\Users\apablliu\.m2\repository\org\seleniumhq\selenium\htmlunit3-driver\4.8.1\htmlunit3-driver-4.8.1.jar;C:\Users\apablliu\.m2\repository\io\appium\java-client\8.3.0\java-client-8.3.0.jar;C:\Users\apablliu\.m2\repository\commons-validator\commons-validator\1.7\commons-validator-1.7.jar;C:\Users\apablliu\.m2\repository\commons-digester\commons-digester\2.1\commons-digester-2.1.jar;C:\Users\apablliu\.m2\repository\org\apache\groovy\groovy\4.0.10\groovy-4.0.10.jar;C:\Users\apablliu\.m2\repository\net\sf\opencsv\opencsv\2.0\opencsv-2.0.jar;C:\Users\apablliu\.m2\repository\commons-beanutils\commons-beanutils\1.9.4\commons-beanutils-1.9.4.jar;C:\Users\apablliu\.m2\repository\org\apache\commons\commons-lang3\3.12.0\commons-lang3-3.12.0.jar;C:\Users\apablliu\.m2\repository\commons-collections\commons-collections\3.2.2\commons-collections-3.2.2.jar;C:\Users\apablliu\.m2\repository\org\fluentlenium\fluentlenium-core\0.10.2\fluentlenium-core-0.10.2.jar;C:\Users\apablliu\.m2\repository\io\github\bonigarcia\webdrivermanager\5.3.2\webdrivermanager-5.3.2.jar;C:\Users\apablliu\.m2\repository\com\github\docker-java\docker-java\3.2.14\docker-java-3.2.14.jar;C:\Users\apablliu\.m2\repository\com\github\docker-java\docker-java-core\3.2.14\docker-java-core-3.2.14.jar;C:\Users\apablliu\.m2\repository\com\github\docker-java\docker-java-api\3.2.14\docker-java-api-3.2.14.jar;C:\Users\apablliu\.m2\repository\org\apache\commons\commons-compress\1.21\commons-compress-1.21.jar;C:\Users\apablliu\.m2\repository\org\bouncycastle\bcpkix-jdk15on\1.64\bcpkix-jdk15on-1.64.jar;C:\Users\apablliu\.m2\repository\org\bouncycastle\bcprov-jdk15on\1.64\bcprov-jdk15on-1.64.jar;C:\Users\apablliu\.m2\repository\org\slf4j\jcl-over-slf4j\1.7.30\jcl-over-slf4j-1.7.30.jar;C:\Users\apablliu\.m2\repository\com\github\docker-java\docker-java-transport-httpclient5\3.2.14\docker-java-transport-httpclient5-3.2.14.jar;C:\Users\apablliu\.m2\repository\com\github\docker-java\docker-java-transport\3.2.14\docker-java-transport-3.2.14.jar;C:\Users\apablliu\.m2\repository\net\java\dev\jna\jna\5.12.1\jna-5.12.1.jar;C:\Users\apablliu\.m2\repository\org\apache\httpcomponents\client5\httpclient5\5.2.1\httpclient5-5.2.1.jar;C:\Users\apablliu\.m2\repository\org\apache\httpcomponents\core5\httpcore5\5.2\httpcore5-5.2.jar;C:\Users\apablliu\.m2\repository\org\apache\httpcomponents\core5\httpcore5-h2\5.2\httpcore5-h2-5.2.jar;C:\Users\apablliu\.m2\repository\com\jhlabs\filters\2.0.235\filters-2.0.235.jar;C:\Users\apablliu\.m2\repository\com\paulhammant\ngwebdriver\1.1.6\ngwebdriver-1.1.6.jar;C:\Users\apablliu\.m2\repository\joda-time\joda-time\2.12.2\joda-time-2.12.2.jar;C:\Users\apablliu\.m2\repository\org\hamcrest\hamcrest\2.2\hamcrest-2.2.jar;C:\Users\apablliu\.m2\repository\com\google\jimfs\jimfs\1.2\jimfs-1.2.jar;C:\Users\apablliu\.m2\repository\org\mockito\mockito-core\3.3.3\mockito-core-3.3.3.jar;C:\Users\apablliu\.m2\repository\javax\xml\bind\jaxb-api\2.3.1\jaxb-api-2.3.1.jar;C:\Users\apablliu\.m2\repository\javax\activation\javax.activation-api\1.2.0\javax.activation-api-1.2.0.jar;C:\Users\apablliu\.m2\repository\com\sun\xml\bind\jaxb-core\2.3.0.1\jaxb-core-2.3.0.1.jar;C:\Users\apablliu\.m2\repository\com\sun\xml\bind\jaxb-impl\2.3.3\jaxb-impl-2.3.3.jar;C:\Users\apablliu\.m2\repository\jakarta\xml\bind\jakarta.xml.bind-api\2.3.3\jakarta.xml.bind-api-2.3.3.jar;C:\Users\apablliu\.m2\repository\com\sun\activation\jakarta.activation\1.2.2\jakarta.activation-1.2.2.jar;C:\Users\apablliu\.m2\repository\javax\activation\activation\1.1.1\activation-1.1.1.jar;C:\Users\apablliu\.m2\repository\net\serenity-bdd\serenity-cucumber\3.8.1\serenity-cucumber-3.8.1.jar;C:\Users\apablliu\.m2\repository\io\cucumber\cucumber-core\7.12.0\cucumber-core-7.12.0.jar;C:\Users\apablliu\.m2\repository\io\cucumber\cucumber-gherkin\7.12.0\cucumber-gherkin-7.12.0.jar;C:\Users\apablliu\.m2\repository\io\cucumber\cucumber-gherkin-messages\7.12.0\cucumber-gherkin-messages-7.12.0.jar;C:\Users\apablliu\.m2\repository\io\cucumber\gherkin\26.2.0\gherkin-26.2.0.jar;C:\Users\apablliu\.m2\repository\io\cucumber\messages\22.0.0\messages-22.0.0.jar;C:\Users\apablliu\.m2\repository\io\cucumber\tag-expressions\5.0.1\tag-expressions-5.0.1.jar;C:\Users\apablliu\.m2\repository\io\cucumber\cucumber-expressions\16.1.2\cucumber-expressions-16.1.2.jar;C:\Users\apablliu\.m2\repository\io\cucumber\datatable\7.12.0\datatable-7.12.0.jar;C:\Users\apablliu\.m2\repository\io\cucumber\cucumber-plugin\7.12.0\cucumber-plugin-7.12.0.jar;C:\Users\apablliu\.m2\repository\io\cucumber\docstring\7.12.0\docstring-7.12.0.jar;C:\Users\apablliu\.m2\repository\io\cucumber\html-formatter\20.3.0\html-formatter-20.3.0.jar;C:\Users\apablliu\.m2\repository\io\cucumber\junit-xml-formatter\0.2.0\junit-xml-formatter-0.2.0.jar;C:\Users\apablliu\.m2\repository\io\cucumber\ci-environment\9.2.0\ci-environment-9.2.0.jar;C:\Users\apablliu\.m2\repository\io\cucumber\cucumber-java\7.12.0\cucumber-java-7.12.0.jar;C:\Users\apablliu\.m2\repository\io\cucumber\cucumber-junit\7.12.0\cucumber-junit-7.12.0.jar;C:\Users\apablliu\.m2\repository\org\apache\commons\commons-csv\1.5\commons-csv-1.5.jar;C:\Users\apablliu\.m2\repository\net\serenity-bdd\serenity-screenplay\3.8.1\serenity-screenplay-3.8.1.jar;C:\Users\apablliu\.m2\repository\net\serenity-bdd\serenity-screenplay-webdriver\3.8.1\serenity-screenplay-webdriver-3.8.1.jar;C:\Users\apablliu\.m2\repository\net\serenity-bdd\serenity-ensure\3.8.1\serenity-ensure-3.8.1.jar;C:\Users\apablliu\.m2\repository\net\serenity-bdd\serenity-junit\3.8.1\serenity-junit-3.8.1.jar;C:\Users\apablliu\.m2\repository\org\jetbrains\kotlin\kotlin-stdlib\1.8.10\kotlin-stdlib-1.8.10.jar;C:\Users\apablliu\.m2\repository\org\jetbrains\kotlin\kotlin-stdlib-common\1.8.10\kotlin-stdlib-common-1.8.10.jar;C:\Users\apablliu\.m2\repository\org\jetbrains\annotations\13.0\annotations-13.0.jar;C:\Users\apablliu\.m2\repository\org\junit\platform\junit-platform-launcher\1.8.2\junit-platform-launcher-1.8.2.jar;C:\Users\apablliu\.m2\repository\org\junit\platform\junit-platform-engine\1.8.2\junit-platform-engine-1.8.2.jar;C:\Users\apablliu\.m2\repository\org\opentest4j\opentest4j\1.2.0\opentest4j-1.2.0.jar;C:\Users\apablliu\.m2\repository\org\junit\platform\junit-platform-commons\1.8.2\junit-platform-commons-1.8.2.jar;C:\Users\apablliu\.m2\repository\org\apiguardian\apiguardian-api\1.1.2\apiguardian-api-1.1.2.jar;C:\Users\apablliu\.m2\repository\org\junit\jupiter\junit-jupiter-engine\5.8.2\junit-jupiter-engine-5.8.2.jar;C:\Users\apablliu\.m2\repository\org\junit\jupiter\junit-jupiter-api\5.8.2\junit-jupiter-api-5.8.2.jar;C:\Users\apablliu\.m2\repository\org\junit\vintage\junit-vintage-engine\5.8.2\junit-vintage-engine-5.8.2.jar;C:\Users\apablliu\.m2\repository\junit\junit\4.13.2\junit-4.13.2.jar;C:\Users\apablliu\.m2\repository\org\hamcrest\hamcrest-core\1.3\hamcrest-core-1.3.jar;C:\Users\apablliu\.m2\repository\ch\qos\logback\logback-classic\1.2.10\logback-classic-1.2.10.jar;C:\Users\apablliu\.m2\repository\ch\qos\logback\logback-core\1.2.10\logback-core-1.2.10.jar;C:\Users\apablliu\.m2\repository\org\slf4j\slf4j-api\1.7.32\slf4j-api-1.7.32.jar;C:\Users\apablliu\.m2\repository\org\assertj\assertj-core\3.23.1\assertj-core-3.23.1.jar;C:\Users\apablliu\.m2\repository\net\bytebuddy\byte-buddy\1.12.10\byte-buddy-1.12.10.jar;C:\Users\apablliu\.m2\repository\org\seleniumhq\selenium\selenium-java\4.10.0\selenium-java-4.10.0.jar;C:\Users\apablliu\.m2\repository\org\seleniumhq\selenium\selenium-devtools-v112\4.10.0\selenium-devtools-v112-4.10.0.jar;C:\Users\apablliu\.m2\repository\org\seleniumhq\selenium\selenium-devtools-v113\4.10.0\selenium-devtools-v113-4.10.0.jar;C:\Users\apablliu\.m2\repository\org\seleniumhq\selenium\selenium-devtools-v114\4.10.0\selenium-devtools-v114-4.10.0.jar;C:\Users\apablliu\.m2\repository\org\seleniumhq\selenium\selenium-devtools-v85\4.10.0\selenium-devtools-v85-4.10.0.jar;C:\Users\apablliu\.m2\repository\org\seleniumhq\selenium\selenium-remote-driver\4.10.0\selenium-remote-driver-4.10.0.jar;C:\Users\apablliu\.m2\repository\io\netty\netty-buffer\4.1.92.Final\netty-buffer-4.1.92.Final.jar;C:\Users\apablliu\.m2\repository\io\netty\netty-codec-http\4.1.92.Final\netty-codec-http-4.1.92.Final.jar;C:\Users\apablliu\.m2\repository\io\netty\netty-codec\4.1.92.Final\netty-codec-4.1.92.Final.jar;C:\Users\apablliu\.m2\repository\io\netty\netty-handler\4.1.92.Final\netty-handler-4.1.92.Final.jar;C:\Users\apablliu\.m2\repository\io\netty\netty-common\4.1.92.Final\netty-common-4.1.92.Final.jar;C:\Users\apablliu\.m2\repository\io\netty\netty-transport-classes-epoll\4.1.92.Final\netty-transport-classes-epoll-4.1.92.Final.jar;C:\Users\apablliu\.m2\repository\io\netty\netty-transport-classes-kqueue\4.1.92.Final\netty-transport-classes-kqueue-4.1.92.Final.jar;C:\Users\apablliu\.m2\repository\io\netty\netty-transport-native-epoll\4.1.92.Final\netty-transport-native-epoll-4.1.92.Final.jar;C:\Users\apablliu\.m2\repository\io\netty\netty-transport-native-kqueue\4.1.92.Final\netty-transport-native-kqueue-4.1.92.Final.jar;C:\Users\apablliu\.m2\repository\io\netty\netty-transport-native-unix-common\4.1.92.Final\netty-transport-native-unix-common-4.1.92.Final.jar;C:\Users\apablliu\.m2\repository\io\netty\netty-transport\4.1.92.Final\netty-transport-4.1.92.Final.jar;C:\Users\apablliu\.m2\repository\io\netty\netty-resolver\4.1.92.Final\netty-resolver-4.1.92.Final.jar;C:\Users\apablliu\.m2\repository\io\opentelemetry\opentelemetry-api\1.26.0\opentelemetry-api-1.26.0.jar;C:\Users\apablliu\.m2\repository\io\opentelemetry\opentelemetry-context\1.26.0\opentelemetry-context-1.26.0.jar;C:\Users\apablliu\.m2\repository\io\opentelemetry\opentelemetry-exporter-logging\1.26.0\opentelemetry-exporter-logging-1.26.0.jar;C:\Users\apablliu\.m2\repository\io\opentelemetry\opentelemetry-sdk-metrics\1.26.0\opentelemetry-sdk-metrics-1.26.0.jar;C:\Users\apablliu\.m2\repository\io\opentelemetry\opentelemetry-extension-incubator\1.26.0-alpha\opentelemetry-extension-incubator-1.26.0-alpha.jar;C:\Users\apablliu\.m2\repository\io\opentelemetry\opentelemetry-sdk-logs\1.26.0-alpha\opentelemetry-sdk-logs-1.26.0-alpha.jar;C:\Users\apablliu\.m2\repository\io\opentelemetry\opentelemetry-api-logs\1.26.0-alpha\opentelemetry-api-logs-1.26.0-alpha.jar;C:\Users\apablliu\.m2\repository\io\opentelemetry\opentelemetry-api-events\1.26.0-alpha\opentelemetry-api-events-1.26.0-alpha.jar;C:\Users\apablliu\.m2\repository\io\opentelemetry\opentelemetry-sdk-common\1.26.0\opentelemetry-sdk-common-1.26.0.jar;C:\Users\apablliu\.m2\repository\io\opentelemetry\opentelemetry-sdk-extension-autoconfigure-spi\1.26.0\opentelemetry-sdk-extension-autoconfigure-spi-1.26.0.jar;C:\Users\apablliu\.m2\repository\io\opentelemetry\opentelemetry-sdk-extension-autoconfigure\1.26.0-alpha\opentelemetry-sdk-extension-autoconfigure-1.26.0-alpha.jar;C:\Users\apablliu\.m2\repository\io\opentelemetry\opentelemetry-sdk-trace\1.26.0\opentelemetry-sdk-trace-1.26.0.jar;C:\Users\apablliu\.m2\repository\io\opentelemetry\opentelemetry-sdk\1.26.0\opentelemetry-sdk-1.26.0.jar;C:\Users\apablliu\.m2\repository\io\opentelemetry\opentelemetry-semconv\1.26.0-alpha\opentelemetry-semconv-1.26.0-alpha.jar;C:\Users\apablliu\.m2\repository\org\apache\commons\commons-exec\1.3\commons-exec-1.3.jar;C:\Users\apablliu\.m2\repository\org\asynchttpclient\async-http-client\2.12.3\async-http-client-2.12.3.jar;C:\Users\apablliu\.m2\repository\org\asynchttpclient\async-http-client-netty-utils\2.12.3\async-http-client-netty-utils-2.12.3.jar;C:\Users\apablliu\.m2\repository\io\netty\netty-codec-socks\4.1.60.Final\netty-codec-socks-4.1.60.Final.jar;C:\Users\apablliu\.m2\repository\io\netty\netty-handler-proxy\4.1.60.Final\netty-handler-proxy-4.1.60.Final.jar;C:\Users\apablliu\.m2\repository\io\netty\netty-transport-native-epoll\4.1.60.Final\netty-transport-native-epoll-4.1.60.Final-linux-x86_64.jar;C:\Users\apablliu\.m2\repository\io\netty\netty-transport-native-kqueue\4.1.60.Final\netty-transport-native-kqueue-4.1.60.Final-osx-x86_64.jar;C:\Users\apablliu\.m2\repository\org\reactivestreams\reactive-streams\1.0.3\reactive-streams-1.0.3.jar;C:\Users\apablliu\.m2\repository\com\typesafe\netty\netty-reactive-streams\2.0.4\netty-reactive-streams-2.0.4.jar;C:\Users\apablliu\.m2\repository\org\seleniumhq\selenium\selenium-safari-driver\4.10.0\selenium-safari-driver-4.10.0.jar;C:\Users\apablliu\.m2\repository\com\oracle\database\jdbc\ojdbc10\19.19.0.0\ojdbc10-19.19.0.0.jar;C:\Users\apablliu\.m2\repository\com\microsoft\sqlserver\mssql-jdbc\9.4.1.jre11\mssql-jdbc-9.4.1.jre11.jar;"/>
    <property name="java.vm.vendor" value="Oracle Corporation"/>
    <property name="sun.arch.data.model" value="64"/>
    <property name="user.variant" value=""/>
    <property name="java.vendor.url" value="https://java.oracle.com/"/>
    <property name="user.timezone" value="America/Lima"/>
    <property name="os.name" value="Windows 10"/>
    <property name="java.vm.specification.version" value="20"/>
    <property name="sun.java.launcher" value="SUN_STANDARD"/>
    <property name="user.country" value="PE"/>
    <property name="sun.boot.library.path" value="C:\Program Files\Java\jdk-20\bin"/>
    <property name="sun.java.command" value="org.apache.maven.surefire.booter.ForkedBooter C:\Users\apablliu\AppData\Local\Temp\surefire343901853018891324 2023-07-22T00-22-28_379-jvmRun1 surefire2744027579564481267tmp surefire_02267251720103983643tmp"/>
    <property name="jdk.debug" value="release"/>
    <property name="surefire.test.class.path" value="C:\Data Adrian\NETBOX_TEST\Automation\target\test-classes;C:\Users\apablliu\.m2\repository\net\serenity-bdd\serenity-core\3.8.1\serenity-core-3.8.1.jar;C:\Users\apablliu\.m2\repository\net\serenity-bdd\serenity-model\3.8.1\serenity-model-3.8.1.jar;C:\Users\apablliu\.m2\repository\org\apache\commons\commons-text\1.10.0\commons-text-1.10.0.jar;C:\Users\apablliu\.m2\repository\commons-net\commons-net\3.9.0\commons-net-3.9.0.jar;C:\Users\apablliu\.m2\repository\com\google\guava\guava\31.1-jre\guava-31.1-jre.jar;C:\Users\apablliu\.m2\repository\com\google\guava\failureaccess\1.0.1\failureaccess-1.0.1.jar;C:\Users\apablliu\.m2\repository\com\google\guava\listenablefuture\9999.0-empty-to-avoid-conflict-with-guava\listenablefuture-9999.0-empty-to-avoid-conflict-with-guava.jar;C:\Users\apablliu\.m2\repository\com\google\code\findbugs\jsr305\3.0.2\jsr305-3.0.2.jar;C:\Users\apablliu\.m2\repository\org\checkerframework\checker-qual\3.12.0\checker-qual-3.12.0.jar;C:\Users\apablliu\.m2\repository\com\google\errorprone\error_prone_annotations\2.11.0\error_prone_annotations-2.11.0.jar;C:\Users\apablliu\.m2\repository\com\google\j2objc\j2objc-annotations\1.3\j2objc-annotations-1.3.jar;C:\Users\apablliu\.m2\repository\com\google\inject\guice\5.1.0\guice-5.1.0.jar;C:\Users\apablliu\.m2\repository\javax\inject\javax.inject\1\javax.inject-1.jar;C:\Users\apablliu\.m2\repository\aopalliance\aopalliance\1.0\aopalliance-1.0.jar;C:\Users\apablliu\.m2\repository\org\jsoup\jsoup\1.15.4\jsoup-1.15.4.jar;C:\Users\apablliu\.m2\repository\com\thoughtworks\xstream\xstream\1.4.20\xstream-1.4.20.jar;C:\Users\apablliu\.m2\repository\io\github\x-stream\mxparser\1.2.2\mxparser-1.2.2.jar;C:\Users\apablliu\.m2\repository\xmlpull\xmlpull\1.1.3.1\xmlpull-1.1.3.1.jar;C:\Users\apablliu\.m2\repository\com\typesafe\config\1.4.2\config-1.4.2.jar;C:\Users\apablliu\.m2\repository\org\imgscalr\imgscalr-lib\4.2\imgscalr-lib-4.2.jar;C:\Users\apablliu\.m2\repository\org\awaitility\awaitility\4.2.0\awaitility-4.2.0.jar;C:\Users\apablliu\.m2\repository\org\freemarker\freemarker\2.3.31\freemarker-2.3.31.jar;C:\Users\apablliu\.m2\repository\io\github\classgraph\classgraph\4.8.157\classgraph-4.8.157.jar;C:\Users\apablliu\.m2\repository\com\github\ben-manes\caffeine\caffeine\2.9.2\caffeine-2.9.2.jar;C:\Users\apablliu\.m2\repository\org\ehcache\ehcache\3.10.8\ehcache-3.10.8.jar;C:\Users\apablliu\.m2\repository\javax\cache\cache-api\1.1.0\cache-api-1.1.0.jar;C:\Users\apablliu\.m2\repository\net\sourceforge\jexcelapi\jxl\2.6.12\jxl-2.6.12.jar;C:\Users\apablliu\.m2\repository\net\bytebuddy\byte-buddy-agent\1.14.4\byte-buddy-agent-1.14.4.jar;C:\Users\apablliu\.m2\repository\org\objenesis\objenesis\3.3\objenesis-3.3.jar;C:\Users\apablliu\.m2\repository\com\vladsch\flexmark\flexmark-all\0.62.2\flexmark-all-0.62.2.jar;C:\Users\apablliu\.m2\repository\com\vladsch\flexmark\flexmark\0.62.2\flexmark-0.62.2.jar;C:\Users\apablliu\.m2\repository\com\vladsch\flexmark\flexmark-ext-abbreviation\0.62.2\flexmark-ext-abbreviation-0.62.2.jar;C:\Users\apablliu\.m2\repository\com\vladsch\flexmark\flexmark-util\0.62.2\flexmark-util-0.62.2.jar;C:\Users\apablliu\.m2\repository\com\vladsch\flexmark\flexmark-ext-admonition\0.62.2\flexmark-ext-admonition-0.62.2.jar;C:\Users\apablliu\.m2\repository\com\vladsch\flexmark\flexmark-ext-anchorlink\0.62.2\flexmark-ext-anchorlink-0.62.2.jar;C:\Users\apablliu\.m2\repository\com\vladsch\flexmark\flexmark-ext-aside\0.62.2\flexmark-ext-aside-0.62.2.jar;C:\Users\apablliu\.m2\repository\com\vladsch\flexmark\flexmark-ext-attributes\0.62.2\flexmark-ext-attributes-0.62.2.jar;C:\Users\apablliu\.m2\repository\com\vladsch\flexmark\flexmark-ext-autolink\0.62.2\flexmark-ext-autolink-0.62.2.jar;C:\Users\apablliu\.m2\repository\org\nibor\autolink\autolink\0.6.0\autolink-0.6.0.jar;C:\Users\apablliu\.m2\repository\com\vladsch\flexmark\flexmark-ext-definition\0.62.2\flexmark-ext-definition-0.62.2.jar;C:\Users\apablliu\.m2\repository\com\vladsch\flexmark\flexmark-ext-emoji\0.62.2\flexmark-ext-emoji-0.62.2.jar;C:\Users\apablliu\.m2\repository\com\vladsch\flexmark\flexmark-ext-enumerated-reference\0.62.2\flexmark-ext-enumerated-reference-0.62.2.jar;C:\Users\apablliu\.m2\repository\com\vladsch\flexmark\flexmark-ext-escaped-character\0.62.2\flexmark-ext-escaped-character-0.62.2.jar;C:\Users\apablliu\.m2\repository\com\vladsch\flexmark\flexmark-ext-footnotes\0.62.2\flexmark-ext-footnotes-0.62.2.jar;C:\Users\apablliu\.m2\repository\com\vladsch\flexmark\flexmark-ext-gfm-issues\0.62.2\flexmark-ext-gfm-issues-0.62.2.jar;C:\Users\apablliu\.m2\repository\com\vladsch\flexmark\flexmark-ext-gfm-strikethrough\0.62.2\flexmark-ext-gfm-strikethrough-0.62.2.jar;C:\Users\apablliu\.m2\repository\com\vladsch\flexmark\flexmark-ext-gfm-tasklist\0.62.2\flexmark-ext-gfm-tasklist-0.62.2.jar;C:\Users\apablliu\.m2\repository\com\vladsch\flexmark\flexmark-ext-gfm-users\0.62.2\flexmark-ext-gfm-users-0.62.2.jar;C:\Users\apablliu\.m2\repository\com\vladsch\flexmark\flexmark-ext-gitlab\0.62.2\flexmark-ext-gitlab-0.62.2.jar;C:\Users\apablliu\.m2\repository\com\vladsch\flexmark\flexmark-ext-jekyll-front-matter\0.62.2\flexmark-ext-jekyll-front-matter-0.62.2.jar;C:\Users\apablliu\.m2\repository\com\vladsch\flexmark\flexmark-ext-jekyll-tag\0.62.2\flexmark-ext-jekyll-tag-0.62.2.jar;C:\Users\apablliu\.m2\repository\com\vladsch\flexmark\flexmark-ext-media-tags\0.62.2\flexmark-ext-media-tags-0.62.2.jar;C:\Users\apablliu\.m2\repository\com\vladsch\flexmark\flexmark-ext-macros\0.62.2\flexmark-ext-macros-0.62.2.jar;C:\Users\apablliu\.m2\repository\com\vladsch\flexmark\flexmark-ext-ins\0.62.2\flexmark-ext-ins-0.62.2.jar;C:\Users\apablliu\.m2\repository\com\vladsch\flexmark\flexmark-ext-xwiki-macros\0.62.2\flexmark-ext-xwiki-macros-0.62.2.jar;C:\Users\apablliu\.m2\repository\com\vladsch\flexmark\flexmark-ext-superscript\0.62.2\flexmark-ext-superscript-0.62.2.jar;C:\Users\apablliu\.m2\repository\com\vladsch\flexmark\flexmark-ext-tables\0.62.2\flexmark-ext-tables-0.62.2.jar;C:\Users\apablliu\.m2\repository\com\vladsch\flexmark\flexmark-ext-toc\0.62.2\flexmark-ext-toc-0.62.2.jar;C:\Users\apablliu\.m2\repository\com\vladsch\flexmark\flexmark-ext-typographic\0.62.2\flexmark-ext-typographic-0.62.2.jar;C:\Users\apablliu\.m2\repository\com\vladsch\flexmark\flexmark-ext-wikilink\0.62.2\flexmark-ext-wikilink-0.62.2.jar;C:\Users\apablliu\.m2\repository\com\vladsch\flexmark\flexmark-ext-yaml-front-matter\0.62.2\flexmark-ext-yaml-front-matter-0.62.2.jar;C:\Users\apablliu\.m2\repository\com\vladsch\flexmark\flexmark-ext-youtube-embedded\0.62.2\flexmark-ext-youtube-embedded-0.62.2.jar;C:\Users\apablliu\.m2\repository\com\vladsch\flexmark\flexmark-html2md-converter\0.62.2\flexmark-html2md-converter-0.62.2.jar;C:\Users\apablliu\.m2\repository\com\vladsch\flexmark\flexmark-jira-converter\0.62.2\flexmark-jira-converter-0.62.2.jar;C:\Users\apablliu\.m2\repository\com\vladsch\flexmark\flexmark-pdf-converter\0.62.2\flexmark-pdf-converter-0.62.2.jar;C:\Users\apablliu\.m2\repository\com\openhtmltopdf\openhtmltopdf-core\1.0.0\openhtmltopdf-core-1.0.0.jar;C:\Users\apablliu\.m2\repository\com\openhtmltopdf\openhtmltopdf-pdfbox\1.0.0\openhtmltopdf-pdfbox-1.0.0.jar;C:\Users\apablliu\.m2\repository\org\apache\pdfbox\pdfbox\2.0.16\pdfbox-2.0.16.jar;C:\Users\apablliu\.m2\repository\org\apache\pdfbox\fontbox\2.0.16\fontbox-2.0.16.jar;C:\Users\apablliu\.m2\repository\org\apache\pdfbox\xmpbox\2.0.16\xmpbox-2.0.16.jar;C:\Users\apablliu\.m2\repository\de\rototor\pdfbox\graphics2d\0.24\graphics2d-0.24.jar;C:\Users\apablliu\.m2\repository\com\openhtmltopdf\openhtmltopdf-rtl-support\1.0.0\openhtmltopdf-rtl-support-1.0.0.jar;C:\Users\apablliu\.m2\repository\com\openhtmltopdf\openhtmltopdf-jsoup-dom-converter\1.0.0\openhtmltopdf-jsoup-dom-converter-1.0.0.jar;C:\Users\apablliu\.m2\repository\com\vladsch\flexmark\flexmark-profile-pegdown\0.62.2\flexmark-profile-pegdown-0.62.2.jar;C:\Users\apablliu\.m2\repository\com\vladsch\flexmark\flexmark-util-ast\0.62.2\flexmark-util-ast-0.62.2.jar;C:\Users\apablliu\.m2\repository\com\vladsch\flexmark\flexmark-util-builder\0.62.2\flexmark-util-builder-0.62.2.jar;C:\Users\apablliu\.m2\repository\com\vladsch\flexmark\flexmark-util-collection\0.62.2\flexmark-util-collection-0.62.2.jar;C:\Users\apablliu\.m2\repository\com\vladsch\flexmark\flexmark-util-data\0.62.2\flexmark-util-data-0.62.2.jar;C:\Users\apablliu\.m2\repository\com\vladsch\flexmark\flexmark-util-dependency\0.62.2\flexmark-util-dependency-0.62.2.jar;C:\Users\apablliu\.m2\repository\com\vladsch\flexmark\flexmark-util-format\0.62.2\flexmark-util-format-0.62.2.jar;C:\Users\apablliu\.m2\repository\com\vladsch\flexmark\flexmark-util-html\0.62.2\flexmark-util-html-0.62.2.jar;C:\Users\apablliu\.m2\repository\com\vladsch\flexmark\flexmark-util-misc\0.62.2\flexmark-util-misc-0.62.2.jar;C:\Users\apablliu\.m2\repository\com\vladsch\flexmark\flexmark-util-options\0.62.2\flexmark-util-options-0.62.2.jar;C:\Users\apablliu\.m2\repository\com\vladsch\flexmark\flexmark-util-sequence\0.62.2\flexmark-util-sequence-0.62.2.jar;C:\Users\apablliu\.m2\repository\com\vladsch\flexmark\flexmark-util-visitor\0.62.2\flexmark-util-visitor-0.62.2.jar;C:\Users\apablliu\.m2\repository\com\vladsch\flexmark\flexmark-youtrack-converter\0.62.2\flexmark-youtrack-converter-0.62.2.jar;C:\Users\apablliu\.m2\repository\net\serenity-bdd\serenity-reports\3.8.1\serenity-reports-3.8.1.jar;C:\Users\apablliu\.m2\repository\net\serenity-bdd\serenity-stats\3.8.1\serenity-stats-3.8.1.jar;C:\Users\apablliu\.m2\repository\net\serenity-bdd\serenity-reports-configuration\3.8.1\serenity-reports-configuration-3.8.1.jar;C:\Users\apablliu\.m2\repository\com\ibm\icu\icu4j\72.1\icu4j-72.1.jar;C:\Users\apablliu\.m2\repository\es\nitaur\markdown\txtmark\0.16\txtmark-0.16.jar;C:\Users\apablliu\.m2\repository\net\serenity-bdd\serenity-report-resources\3.8.1\serenity-report-resources-3.8.1.jar;C:\Users\apablliu\.m2\repository\com\google\code\gson\gson\2.10.1\gson-2.10.1.jar;C:\Users\apablliu\.m2\repository\com\fasterxml\jackson\core\jackson-core\2.15.0-rc1\jackson-core-2.15.0-rc1.jar;C:\Users\apablliu\.m2\repository\com\fasterxml\jackson\core\jackson-databind\2.15.0-rc1\jackson-databind-2.15.0-rc1.jar;C:\Users\apablliu\.m2\repository\com\fasterxml\jackson\core\jackson-annotations\2.15.0-rc1\jackson-annotations-2.15.0-rc1.jar;C:\Users\apablliu\.m2\repository\commons-codec\commons-codec\1.15\commons-codec-1.15.jar;C:\Users\apablliu\.m2\repository\commons-io\commons-io\2.11.0\commons-io-2.11.0.jar;C:\Users\apablliu\.m2\repository\org\apache\httpcomponents\httpclient\4.5.13\httpclient-4.5.13.jar;C:\Users\apablliu\.m2\repository\org\apache\httpcomponents\httpcore\4.4.13\httpcore-4.4.13.jar;C:\Users\apablliu\.m2\repository\commons-logging\commons-logging\1.2\commons-logging-1.2.jar;C:\Users\apablliu\.m2\repository\org\seleniumhq\selenium\selenium-api\4.10.0\selenium-api-4.10.0.jar;C:\Users\apablliu\.m2\repository\org\seleniumhq\selenium\selenium-support\4.10.0\selenium-support-4.10.0.jar;C:\Users\apablliu\.m2\repository\com\google\auto\service\auto-service-annotations\1.0.1\auto-service-annotations-1.0.1.jar;C:\Users\apablliu\.m2\repository\com\google\auto\service\auto-service\1.0.1\auto-service-1.0.1.jar;C:\Users\apablliu\.m2\repository\com\google\auto\auto-common\1.2\auto-common-1.2.jar;C:\Users\apablliu\.m2\repository\org\seleniumhq\selenium\selenium-json\4.10.0\selenium-json-4.10.0.jar;C:\Users\apablliu\.m2\repository\org\seleniumhq\selenium\selenium-chrome-driver\4.10.0\selenium-chrome-driver-4.10.0.jar;C:\Users\apablliu\.m2\repository\org\seleniumhq\selenium\selenium-chromium-driver\4.10.0\selenium-chromium-driver-4.10.0.jar;C:\Users\apablliu\.m2\repository\org\seleniumhq\selenium\selenium-manager\4.10.0\selenium-manager-4.10.0.jar;C:\Users\apablliu\.m2\repository\org\seleniumhq\selenium\selenium-firefox-driver\4.10.0\selenium-firefox-driver-4.10.0.jar;C:\Users\apablliu\.m2\repository\org\seleniumhq\selenium\selenium-http\4.10.0\selenium-http-4.10.0.jar;C:\Users\apablliu\.m2\repository\dev\failsafe\failsafe\3.3.1\failsafe-3.3.1.jar;C:\Users\apablliu\.m2\repository\org\seleniumhq\selenium\selenium-edge-driver\4.10.0\selenium-edge-driver-4.10.0.jar;C:\Users\apablliu\.m2\repository\org\seleniumhq\selenium\selenium-ie-driver\4.10.0\selenium-ie-driver-4.10.0.jar;C:\Users\apablliu\.m2\repository\org\projectlombok\lombok\1.18.20\lombok-1.18.20.jar;C:\Users\apablliu\.m2\repository\org\htmlunit\htmlunit\3.0.0\htmlunit-3.0.0.jar;C:\Users\apablliu\.m2\repository\org\apache\httpcomponents\httpmime\4.5.14\httpmime-4.5.14.jar;C:\Users\apablliu\.m2\repository\org\htmlunit\htmlunit-core-js\3.0.0\htmlunit-core-js-3.0.0.jar;C:\Users\apablliu\.m2\repository\org\htmlunit\neko-htmlunit\3.0.0\neko-htmlunit-3.0.0.jar;C:\Users\apablliu\.m2\repository\org\htmlunit\htmlunit-cssparser\3.0.0\htmlunit-cssparser-3.0.0.jar;C:\Users\apablliu\.m2\repository\org\htmlunit\htmlunit-xpath\3.0.0\htmlunit-xpath-3.0.0.jar;C:\Users\apablliu\.m2\repository\org\brotli\dec\0.1.2\dec-0.1.2.jar;C:\Users\apablliu\.m2\repository\com\shapesecurity\salvation2\3.0.1\salvation2-3.0.1.jar;C:\Users\apablliu\.m2\repository\org\eclipse\jetty\websocket\websocket-client\9.4.51.v20230217\websocket-client-9.4.51.v20230217.jar;C:\Users\apablliu\.m2\repository\org\eclipse\jetty\jetty-client\9.4.51.v20230217\jetty-client-9.4.51.v20230217.jar;C:\Users\apablliu\.m2\repository\org\eclipse\jetty\jetty-http\9.4.51.v20230217\jetty-http-9.4.51.v20230217.jar;C:\Users\apablliu\.m2\repository\org\eclipse\jetty\jetty-util\9.4.51.v20230217\jetty-util-9.4.51.v20230217.jar;C:\Users\apablliu\.m2\repository\org\eclipse\jetty\jetty-io\9.4.51.v20230217\jetty-io-9.4.51.v20230217.jar;C:\Users\apablliu\.m2\repository\org\eclipse\jetty\websocket\websocket-common\9.4.51.v20230217\websocket-common-9.4.51.v20230217.jar;C:\Users\apablliu\.m2\repository\org\eclipse\jetty\websocket\websocket-api\9.4.51.v20230217\websocket-api-9.4.51.v20230217.jar;C:\Users\apablliu\.m2\repository\org\seleniumhq\selenium\htmlunit3-driver\4.8.1\htmlunit3-driver-4.8.1.jar;C:\Users\apablliu\.m2\repository\io\appium\java-client\8.3.0\java-client-8.3.0.jar;C:\Users\apablliu\.m2\repository\commons-validator\commons-validator\1.7\commons-validator-1.7.jar;C:\Users\apablliu\.m2\repository\commons-digester\commons-digester\2.1\commons-digester-2.1.jar;C:\Users\apablliu\.m2\repository\org\apache\groovy\groovy\4.0.10\groovy-4.0.10.jar;C:\Users\apablliu\.m2\repository\net\sf\opencsv\opencsv\2.0\opencsv-2.0.jar;C:\Users\apablliu\.m2\repository\commons-beanutils\commons-beanutils\1.9.4\commons-beanutils-1.9.4.jar;C:\Users\apablliu\.m2\repository\org\apache\commons\commons-lang3\3.12.0\commons-lang3-3.12.0.jar;C:\Users\apablliu\.m2\repository\commons-collections\commons-collections\3.2.2\commons-collections-3.2.2.jar;C:\Users\apablliu\.m2\repository\org\fluentlenium\fluentlenium-core\0.10.2\fluentlenium-core-0.10.2.jar;C:\Users\apablliu\.m2\repository\io\github\bonigarcia\webdrivermanager\5.3.2\webdrivermanager-5.3.2.jar;C:\Users\apablliu\.m2\repository\com\github\docker-java\docker-java\3.2.14\docker-java-3.2.14.jar;C:\Users\apablliu\.m2\repository\com\github\docker-java\docker-java-core\3.2.14\docker-java-core-3.2.14.jar;C:\Users\apablliu\.m2\repository\com\github\docker-java\docker-java-api\3.2.14\docker-java-api-3.2.14.jar;C:\Users\apablliu\.m2\repository\org\apache\commons\commons-compress\1.21\commons-compress-1.21.jar;C:\Users\apablliu\.m2\repository\org\bouncycastle\bcpkix-jdk15on\1.64\bcpkix-jdk15on-1.64.jar;C:\Users\apablliu\.m2\repository\org\bouncycastle\bcprov-jdk15on\1.64\bcprov-jdk15on-1.64.jar;C:\Users\apablliu\.m2\repository\org\slf4j\jcl-over-slf4j\1.7.30\jcl-over-slf4j-1.7.30.jar;C:\Users\apablliu\.m2\repository\com\github\docker-java\docker-java-transport-httpclient5\3.2.14\docker-java-transport-httpclient5-3.2.14.jar;C:\Users\apablliu\.m2\repository\com\github\docker-java\docker-java-transport\3.2.14\docker-java-transport-3.2.14.jar;C:\Users\apablliu\.m2\repository\net\java\dev\jna\jna\5.12.1\jna-5.12.1.jar;C:\Users\apablliu\.m2\repository\org\apache\httpcomponents\client5\httpclient5\5.2.1\httpclient5-5.2.1.jar;C:\Users\apablliu\.m2\repository\org\apache\httpcomponents\core5\httpcore5\5.2\httpcore5-5.2.jar;C:\Users\apablliu\.m2\repository\org\apache\httpcomponents\core5\httpcore5-h2\5.2\httpcore5-h2-5.2.jar;C:\Users\apablliu\.m2\repository\com\jhlabs\filters\2.0.235\filters-2.0.235.jar;C:\Users\apablliu\.m2\repository\com\paulhammant\ngwebdriver\1.1.6\ngwebdriver-1.1.6.jar;C:\Users\apablliu\.m2\repository\joda-time\joda-time\2.12.2\joda-time-2.12.2.jar;C:\Users\apablliu\.m2\repository\org\hamcrest\hamcrest\2.2\hamcrest-2.2.jar;C:\Users\apablliu\.m2\repository\com\google\jimfs\jimfs\1.2\jimfs-1.2.jar;C:\Users\apablliu\.m2\repository\org\mockito\mockito-core\3.3.3\mockito-core-3.3.3.jar;C:\Users\apablliu\.m2\repository\javax\xml\bind\jaxb-api\2.3.1\jaxb-api-2.3.1.jar;C:\Users\apablliu\.m2\repository\javax\activation\javax.activation-api\1.2.0\javax.activation-api-1.2.0.jar;C:\Users\apablliu\.m2\repository\com\sun\xml\bind\jaxb-core\2.3.0.1\jaxb-core-2.3.0.1.jar;C:\Users\apablliu\.m2\repository\com\sun\xml\bind\jaxb-impl\2.3.3\jaxb-impl-2.3.3.jar;C:\Users\apablliu\.m2\repository\jakarta\xml\bind\jakarta.xml.bind-api\2.3.3\jakarta.xml.bind-api-2.3.3.jar;C:\Users\apablliu\.m2\repository\com\sun\activation\jakarta.activation\1.2.2\jakarta.activation-1.2.2.jar;C:\Users\apablliu\.m2\repository\javax\activation\activation\1.1.1\activation-1.1.1.jar;C:\Users\apablliu\.m2\repository\net\serenity-bdd\serenity-cucumber\3.8.1\serenity-cucumber-3.8.1.jar;C:\Users\apablliu\.m2\repository\io\cucumber\cucumber-core\7.12.0\cucumber-core-7.12.0.jar;C:\Users\apablliu\.m2\repository\io\cucumber\cucumber-gherkin\7.12.0\cucumber-gherkin-7.12.0.jar;C:\Users\apablliu\.m2\repository\io\cucumber\cucumber-gherkin-messages\7.12.0\cucumber-gherkin-messages-7.12.0.jar;C:\Users\apablliu\.m2\repository\io\cucumber\gherkin\26.2.0\gherkin-26.2.0.jar;C:\Users\apablliu\.m2\repository\io\cucumber\messages\22.0.0\messages-22.0.0.jar;C:\Users\apablliu\.m2\repository\io\cucumber\tag-expressions\5.0.1\tag-expressions-5.0.1.jar;C:\Users\apablliu\.m2\repository\io\cucumber\cucumber-expressions\16.1.2\cucumber-expressions-16.1.2.jar;C:\Users\apablliu\.m2\repository\io\cucumber\datatable\7.12.0\datatable-7.12.0.jar;C:\Users\apablliu\.m2\repository\io\cucumber\cucumber-plugin\7.12.0\cucumber-plugin-7.12.0.jar;C:\Users\apablliu\.m2\repository\io\cucumber\docstring\7.12.0\docstring-7.12.0.jar;C:\Users\apablliu\.m2\repository\io\cucumber\html-formatter\20.3.0\html-formatter-20.3.0.jar;C:\Users\apablliu\.m2\repository\io\cucumber\junit-xml-formatter\0.2.0\junit-xml-formatter-0.2.0.jar;C:\Users\apablliu\.m2\repository\io\cucumber\ci-environment\9.2.0\ci-environment-9.2.0.jar;C:\Users\apablliu\.m2\repository\io\cucumber\cucumber-java\7.12.0\cucumber-java-7.12.0.jar;C:\Users\apablliu\.m2\repository\io\cucumber\cucumber-junit\7.12.0\cucumber-junit-7.12.0.jar;C:\Users\apablliu\.m2\repository\org\apache\commons\commons-csv\1.5\commons-csv-1.5.jar;C:\Users\apablliu\.m2\repository\net\serenity-bdd\serenity-screenplay\3.8.1\serenity-screenplay-3.8.1.jar;C:\Users\apablliu\.m2\repository\net\serenity-bdd\serenity-screenplay-webdriver\3.8.1\serenity-screenplay-webdriver-3.8.1.jar;C:\Users\apablliu\.m2\repository\net\serenity-bdd\serenity-ensure\3.8.1\serenity-ensure-3.8.1.jar;C:\Users\apablliu\.m2\repository\net\serenity-bdd\serenity-junit\3.8.1\serenity-junit-3.8.1.jar;C:\Users\apablliu\.m2\repository\org\jetbrains\kotlin\kotlin-stdlib\1.8.10\kotlin-stdlib-1.8.10.jar;C:\Users\apablliu\.m2\repository\org\jetbrains\kotlin\kotlin-stdlib-common\1.8.10\kotlin-stdlib-common-1.8.10.jar;C:\Users\apablliu\.m2\repository\org\jetbrains\annotations\13.0\annotations-13.0.jar;C:\Users\apablliu\.m2\repository\org\junit\platform\junit-platform-launcher\1.8.2\junit-platform-launcher-1.8.2.jar;C:\Users\apablliu\.m2\repository\org\junit\platform\junit-platform-engine\1.8.2\junit-platform-engine-1.8.2.jar;C:\Users\apablliu\.m2\repository\org\opentest4j\opentest4j\1.2.0\opentest4j-1.2.0.jar;C:\Users\apablliu\.m2\repository\org\junit\platform\junit-platform-commons\1.8.2\junit-platform-commons-1.8.2.jar;C:\Users\apablliu\.m2\repository\org\apiguardian\apiguardian-api\1.1.2\apiguardian-api-1.1.2.jar;C:\Users\apablliu\.m2\repository\org\junit\jupiter\junit-jupiter-engine\5.8.2\junit-jupiter-engine-5.8.2.jar;C:\Users\apablliu\.m2\repository\org\junit\jupiter\junit-jupiter-api\5.8.2\junit-jupiter-api-5.8.2.jar;C:\Users\apablliu\.m2\repository\org\junit\vintage\junit-vintage-engine\5.8.2\junit-vintage-engine-5.8.2.jar;C:\Users\apablliu\.m2\repository\junit\junit\4.13.2\junit-4.13.2.jar;C:\Users\apablliu\.m2\repository\org\hamcrest\hamcrest-core\1.3\hamcrest-core-1.3.jar;C:\Users\apablliu\.m2\repository\ch\qos\logback\logback-classic\1.2.10\logback-classic-1.2.10.jar;C:\Users\apablliu\.m2\repository\ch\qos\logback\logback-core\1.2.10\logback-core-1.2.10.jar;C:\Users\apablliu\.m2\repository\org\slf4j\slf4j-api\1.7.32\slf4j-api-1.7.32.jar;C:\Users\apablliu\.m2\repository\org\assertj\assertj-core\3.23.1\assertj-core-3.23.1.jar;C:\Users\apablliu\.m2\repository\net\bytebuddy\byte-buddy\1.12.10\byte-buddy-1.12.10.jar;C:\Users\apablliu\.m2\repository\org\seleniumhq\selenium\selenium-java\4.10.0\selenium-java-4.10.0.jar;C:\Users\apablliu\.m2\repository\org\seleniumhq\selenium\selenium-devtools-v112\4.10.0\selenium-devtools-v112-4.10.0.jar;C:\Users\apablliu\.m2\repository\org\seleniumhq\selenium\selenium-devtools-v113\4.10.0\selenium-devtools-v113-4.10.0.jar;C:\Users\apablliu\.m2\repository\org\seleniumhq\selenium\selenium-devtools-v114\4.10.0\selenium-devtools-v114-4.10.0.jar;C:\Users\apablliu\.m2\repository\org\seleniumhq\selenium\selenium-devtools-v85\4.10.0\selenium-devtools-v85-4.10.0.jar;C:\Users\apablliu\.m2\repository\org\seleniumhq\selenium\selenium-remote-driver\4.10.0\selenium-remote-driver-4.10.0.jar;C:\Users\apablliu\.m2\repository\io\netty\netty-buffer\4.1.92.Final\netty-buffer-4.1.92.Final.jar;C:\Users\apablliu\.m2\repository\io\netty\netty-codec-http\4.1.92.Final\netty-codec-http-4.1.92.Final.jar;C:\Users\apablliu\.m2\repository\io\netty\netty-codec\4.1.92.Final\netty-codec-4.1.92.Final.jar;C:\Users\apablliu\.m2\repository\io\netty\netty-handler\4.1.92.Final\netty-handler-4.1.92.Final.jar;C:\Users\apablliu\.m2\repository\io\netty\netty-common\4.1.92.Final\netty-common-4.1.92.Final.jar;C:\Users\apablliu\.m2\repository\io\netty\netty-transport-classes-epoll\4.1.92.Final\netty-transport-classes-epoll-4.1.92.Final.jar;C:\Users\apablliu\.m2\repository\io\netty\netty-transport-classes-kqueue\4.1.92.Final\netty-transport-classes-kqueue-4.1.92.Final.jar;C:\Users\apablliu\.m2\repository\io\netty\netty-transport-native-epoll\4.1.92.Final\netty-transport-native-epoll-4.1.92.Final.jar;C:\Users\apablliu\.m2\repository\io\netty\netty-transport-native-kqueue\4.1.92.Final\netty-transport-native-kqueue-4.1.92.Final.jar;C:\Users\apablliu\.m2\repository\io\netty\netty-transport-native-unix-common\4.1.92.Final\netty-transport-native-unix-common-4.1.92.Final.jar;C:\Users\apablliu\.m2\repository\io\netty\netty-transport\4.1.92.Final\netty-transport-4.1.92.Final.jar;C:\Users\apablliu\.m2\repository\io\netty\netty-resolver\4.1.92.Final\netty-resolver-4.1.92.Final.jar;C:\Users\apablliu\.m2\repository\io\opentelemetry\opentelemetry-api\1.26.0\opentelemetry-api-1.26.0.jar;C:\Users\apablliu\.m2\repository\io\opentelemetry\opentelemetry-context\1.26.0\opentelemetry-context-1.26.0.jar;C:\Users\apablliu\.m2\repository\io\opentelemetry\opentelemetry-exporter-logging\1.26.0\opentelemetry-exporter-logging-1.26.0.jar;C:\Users\apablliu\.m2\repository\io\opentelemetry\opentelemetry-sdk-metrics\1.26.0\opentelemetry-sdk-metrics-1.26.0.jar;C:\Users\apablliu\.m2\repository\io\opentelemetry\opentelemetry-extension-incubator\1.26.0-alpha\opentelemetry-extension-incubator-1.26.0-alpha.jar;C:\Users\apablliu\.m2\repository\io\opentelemetry\opentelemetry-sdk-logs\1.26.0-alpha\opentelemetry-sdk-logs-1.26.0-alpha.jar;C:\Users\apablliu\.m2\repository\io\opentelemetry\opentelemetry-api-logs\1.26.0-alpha\opentelemetry-api-logs-1.26.0-alpha.jar;C:\Users\apablliu\.m2\repository\io\opentelemetry\opentelemetry-api-events\1.26.0-alpha\opentelemetry-api-events-1.26.0-alpha.jar;C:\Users\apablliu\.m2\repository\io\opentelemetry\opentelemetry-sdk-common\1.26.0\opentelemetry-sdk-common-1.26.0.jar;C:\Users\apablliu\.m2\repository\io\opentelemetry\opentelemetry-sdk-extension-autoconfigure-spi\1.26.0\opentelemetry-sdk-extension-autoconfigure-spi-1.26.0.jar;C:\Users\apablliu\.m2\repository\io\opentelemetry\opentelemetry-sdk-extension-autoconfigure\1.26.0-alpha\opentelemetry-sdk-extension-autoconfigure-1.26.0-alpha.jar;C:\Users\apablliu\.m2\repository\io\opentelemetry\opentelemetry-sdk-trace\1.26.0\opentelemetry-sdk-trace-1.26.0.jar;C:\Users\apablliu\.m2\repository\io\opentelemetry\opentelemetry-sdk\1.26.0\opentelemetry-sdk-1.26.0.jar;C:\Users\apablliu\.m2\repository\io\opentelemetry\opentelemetry-semconv\1.26.0-alpha\opentelemetry-semconv-1.26.0-alpha.jar;C:\Users\apablliu\.m2\repository\org\apache\commons\commons-exec\1.3\commons-exec-1.3.jar;C:\Users\apablliu\.m2\repository\org\asynchttpclient\async-http-client\2.12.3\async-http-client-2.12.3.jar;C:\Users\apablliu\.m2\repository\org\asynchttpclient\async-http-client-netty-utils\2.12.3\async-http-client-netty-utils-2.12.3.jar;C:\Users\apablliu\.m2\repository\io\netty\netty-codec-socks\4.1.60.Final\netty-codec-socks-4.1.60.Final.jar;C:\Users\apablliu\.m2\repository\io\netty\netty-handler-proxy\4.1.60.Final\netty-handler-proxy-4.1.60.Final.jar;C:\Users\apablliu\.m2\repository\io\netty\netty-transport-native-epoll\4.1.60.Final\netty-transport-native-epoll-4.1.60.Final-linux-x86_64.jar;C:\Users\apablliu\.m2\repository\io\netty\netty-transport-native-kqueue\4.1.60.Final\netty-transport-native-kqueue-4.1.60.Final-osx-x86_64.jar;C:\Users\apablliu\.m2\repository\org\reactivestreams\reactive-streams\1.0.3\reactive-streams-1.0.3.jar;C:\Users\apablliu\.m2\repository\com\typesafe\netty\netty-reactive-streams\2.0.4\netty-reactive-streams-2.0.4.jar;C:\Users\apablliu\.m2\repository\org\seleniumhq\selenium\selenium-safari-driver\4.10.0\selenium-safari-driver-4.10.0.jar;C:\Users\apablliu\.m2\repository\com\oracle\database\jdbc\ojdbc10\19.19.0.0\ojdbc10-19.19.0.0.jar;C:\Users\apablliu\.m2\repository\com\microsoft\sqlserver\mssql-jdbc\9.4.1.jre11\mssql-jdbc-9.4.1.jre11.jar;"/>
    <property name="sun.cpu.endian" value="little"/>
    <property name="user.home" value="C:\Users\apablliu"/>
    <property name="user.language" value="es"/>
    <property name="java.specification.vendor" value="Oracle Corporation"/>
    <property name="jdk.module.path" value="C:\Data Adrian\NETBOX_TEST\Automation\target\cucumber-starter-1.0.0-SNAPSHOT.jar"/>
    <property name="java.version.date" value="2023-04-18"/>
    <property name="java.home" value="C:\Program Files\Java\jdk-20"/>
    <property name="file.separator" value="\"/>
    <property name="basedir" value="C:\Data Adrian\NETBOX_TEST\Automation"/>
    <property name="java.vm.compressedOopsMode" value="Zero based"/>
    <property name="line.separator" value="&#10;"/>
    <property name="java.vm.specification.vendor" value="Oracle Corporation"/>
    <property name="java.specification.name" value="Java Platform API Specification"/>
    <property name="surefire.real.class.path" value="C:\Users\apablliu\.m2\repository\org\apache\maven\surefire\surefire-booter\3.0.0-M5\surefire-booter-3.0.0-M5.jar;C:\Users\apablliu\.m2\repository\org\apache\maven\surefire\surefire-api\3.0.0-M5\surefire-api-3.0.0-M5.jar;C:\Users\apablliu\.m2\repository\org\apache\maven\surefire\surefire-logger-api\3.0.0-M5\surefire-logger-api-3.0.0-M5.jar;C:\Users\apablliu\.m2\repository\org\apache\maven\surefire\surefire-shared-utils\3.0.0-M4\surefire-shared-utils-3.0.0-M4.jar;C:\Users\apablliu\.m2\repository\org\apache\maven\surefire\surefire-extensions-spi\3.0.0-M5\surefire-extensions-spi-3.0.0-M5.jar;C:\Data Adrian\NETBOX_TEST\Automation\target\test-classes;C:\Users\apablliu\.m2\repository\net\serenity-bdd\serenity-core\3.8.1\serenity-core-3.8.1.jar;C:\Users\apablliu\.m2\repository\net\serenity-bdd\serenity-model\3.8.1\serenity-model-3.8.1.jar;C:\Users\apablliu\.m2\repository\org\apache\commons\commons-text\1.10.0\commons-text-1.10.0.jar;C:\Users\apablliu\.m2\repository\commons-net\commons-net\3.9.0\commons-net-3.9.0.jar;C:\Users\apablliu\.m2\repository\com\google\guava\guava\31.1-jre\guava-31.1-jre.jar;C:\Users\apablliu\.m2\repository\com\google\guava\failureaccess\1.0.1\failureaccess-1.0.1.jar;C:\Users\apablliu\.m2\repository\com\google\guava\listenablefuture\9999.0-empty-to-avoid-conflict-with-guava\listenablefuture-9999.0-empty-to-avoid-conflict-with-guava.jar;C:\Users\apablliu\.m2\repository\com\google\code\findbugs\jsr305\3.0.2\jsr305-3.0.2.jar;C:\Users\apablliu\.m2\repository\org\checkerframework\checker-qual\3.12.0\checker-qual-3.12.0.jar;C:\Users\apablliu\.m2\repository\com\google\errorprone\error_prone_annotations\2.11.0\error_prone_annotations-2.11.0.jar;C:\Users\apablliu\.m2\repository\com\google\j2objc\j2objc-annotations\1.3\j2objc-annotations-1.3.jar;C:\Users\apablliu\.m2\repository\com\google\inject\guice\5.1.0\guice-5.1.0.jar;C:\Users\apablliu\.m2\repository\javax\inject\javax.inject\1\javax.inject-1.jar;C:\Users\apablliu\.m2\repository\aopalliance\aopalliance\1.0\aopalliance-1.0.jar;C:\Users\apablliu\.m2\repository\org\jsoup\jsoup\1.15.4\jsoup-1.15.4.jar;C:\Users\apablliu\.m2\repository\com\thoughtworks\xstream\xstream\1.4.20\xstream-1.4.20.jar;C:\Users\apablliu\.m2\repository\io\github\x-stream\mxparser\1.2.2\mxparser-1.2.2.jar;C:\Users\apablliu\.m2\repository\xmlpull\xmlpull\1.1.3.1\xmlpull-1.1.3.1.jar;C:\Users\apablliu\.m2\repository\com\typesafe\config\1.4.2\config-1.4.2.jar;C:\Users\apablliu\.m2\repository\org\imgscalr\imgscalr-lib\4.2\imgscalr-lib-4.2.jar;C:\Users\apablliu\.m2\repository\org\awaitility\awaitility\4.2.0\awaitility-4.2.0.jar;C:\Users\apablliu\.m2\repository\org\freemarker\freemarker\2.3.31\freemarker-2.3.31.jar;C:\Users\apablliu\.m2\repository\io\github\classgraph\classgraph\4.8.157\classgraph-4.8.157.jar;C:\Users\apablliu\.m2\repository\com\github\ben-manes\caffeine\caffeine\2.9.2\caffeine-2.9.2.jar;C:\Users\apablliu\.m2\repository\org\ehcache\ehcache\3.10.8\ehcache-3.10.8.jar;C:\Users\apablliu\.m2\repository\javax\cache\cache-api\1.1.0\cache-api-1.1.0.jar;C:\Users\apablliu\.m2\repository\net\sourceforge\jexcelapi\jxl\2.6.12\jxl-2.6.12.jar;C:\Users\apablliu\.m2\repository\net\bytebuddy\byte-buddy-agent\1.14.4\byte-buddy-agent-1.14.4.jar;C:\Users\apablliu\.m2\repository\org\objenesis\objenesis\3.3\objenesis-3.3.jar;C:\Users\apablliu\.m2\repository\com\vladsch\flexmark\flexmark-all\0.62.2\flexmark-all-0.62.2.jar;C:\Users\apablliu\.m2\repository\com\vladsch\flexmark\flexmark\0.62.2\flexmark-0.62.2.jar;C:\Users\apablliu\.m2\repository\com\vladsch\flexmark\flexmark-ext-abbreviation\0.62.2\flexmark-ext-abbreviation-0.62.2.jar;C:\Users\apablliu\.m2\repository\com\vladsch\flexmark\flexmark-util\0.62.2\flexmark-util-0.62.2.jar;C:\Users\apablliu\.m2\repository\com\vladsch\flexmark\flexmark-ext-admonition\0.62.2\flexmark-ext-admonition-0.62.2.jar;C:\Users\apablliu\.m2\repository\com\vladsch\flexmark\flexmark-ext-anchorlink\0.62.2\flexmark-ext-anchorlink-0.62.2.jar;C:\Users\apablliu\.m2\repository\com\vladsch\flexmark\flexmark-ext-aside\0.62.2\flexmark-ext-aside-0.62.2.jar;C:\Users\apablliu\.m2\repository\com\vladsch\flexmark\flexmark-ext-attributes\0.62.2\flexmark-ext-attributes-0.62.2.jar;C:\Users\apablliu\.m2\repository\com\vladsch\flexmark\flexmark-ext-autolink\0.62.2\flexmark-ext-autolink-0.62.2.jar;C:\Users\apablliu\.m2\repository\org\nibor\autolink\autolink\0.6.0\autolink-0.6.0.jar;C:\Users\apablliu\.m2\repository\com\vladsch\flexmark\flexmark-ext-definition\0.62.2\flexmark-ext-definition-0.62.2.jar;C:\Users\apablliu\.m2\repository\com\vladsch\flexmark\flexmark-ext-emoji\0.62.2\flexmark-ext-emoji-0.62.2.jar;C:\Users\apablliu\.m2\repository\com\vladsch\flexmark\flexmark-ext-enumerated-reference\0.62.2\flexmark-ext-enumerated-reference-0.62.2.jar;C:\Users\apablliu\.m2\repository\com\vladsch\flexmark\flexmark-ext-escaped-character\0.62.2\flexmark-ext-escaped-character-0.62.2.jar;C:\Users\apablliu\.m2\repository\com\vladsch\flexmark\flexmark-ext-footnotes\0.62.2\flexmark-ext-footnotes-0.62.2.jar;C:\Users\apablliu\.m2\repository\com\vladsch\flexmark\flexmark-ext-gfm-issues\0.62.2\flexmark-ext-gfm-issues-0.62.2.jar;C:\Users\apablliu\.m2\repository\com\vladsch\flexmark\flexmark-ext-gfm-strikethrough\0.62.2\flexmark-ext-gfm-strikethrough-0.62.2.jar;C:\Users\apablliu\.m2\repository\com\vladsch\flexmark\flexmark-ext-gfm-tasklist\0.62.2\flexmark-ext-gfm-tasklist-0.62.2.jar;C:\Users\apablliu\.m2\repository\com\vladsch\flexmark\flexmark-ext-gfm-users\0.62.2\flexmark-ext-gfm-users-0.62.2.jar;C:\Users\apablliu\.m2\repository\com\vladsch\flexmark\flexmark-ext-gitlab\0.62.2\flexmark-ext-gitlab-0.62.2.jar;C:\Users\apablliu\.m2\repository\com\vladsch\flexmark\flexmark-ext-jekyll-front-matter\0.62.2\flexmark-ext-jekyll-front-matter-0.62.2.jar;C:\Users\apablliu\.m2\repository\com\vladsch\flexmark\flexmark-ext-jekyll-tag\0.62.2\flexmark-ext-jekyll-tag-0.62.2.jar;C:\Users\apablliu\.m2\repository\com\vladsch\flexmark\flexmark-ext-media-tags\0.62.2\flexmark-ext-media-tags-0.62.2.jar;C:\Users\apablliu\.m2\repository\com\vladsch\flexmark\flexmark-ext-macros\0.62.2\flexmark-ext-macros-0.62.2.jar;C:\Users\apablliu\.m2\repository\com\vladsch\flexmark\flexmark-ext-ins\0.62.2\flexmark-ext-ins-0.62.2.jar;C:\Users\apablliu\.m2\repository\com\vladsch\flexmark\flexmark-ext-xwiki-macros\0.62.2\flexmark-ext-xwiki-macros-0.62.2.jar;C:\Users\apablliu\.m2\repository\com\vladsch\flexmark\flexmark-ext-superscript\0.62.2\flexmark-ext-superscript-0.62.2.jar;C:\Users\apablliu\.m2\repository\com\vladsch\flexmark\flexmark-ext-tables\0.62.2\flexmark-ext-tables-0.62.2.jar;C:\Users\apablliu\.m2\repository\com\vladsch\flexmark\flexmark-ext-toc\0.62.2\flexmark-ext-toc-0.62.2.jar;C:\Users\apablliu\.m2\repository\com\vladsch\flexmark\flexmark-ext-typographic\0.62.2\flexmark-ext-typographic-0.62.2.jar;C:\Users\apablliu\.m2\repository\com\vladsch\flexmark\flexmark-ext-wikilink\0.62.2\flexmark-ext-wikilink-0.62.2.jar;C:\Users\apablliu\.m2\repository\com\vladsch\flexmark\flexmark-ext-yaml-front-matter\0.62.2\flexmark-ext-yaml-front-matter-0.62.2.jar;C:\Users\apablliu\.m2\repository\com\vladsch\flexmark\flexmark-ext-youtube-embedded\0.62.2\flexmark-ext-youtube-embedded-0.62.2.jar;C:\Users\apablliu\.m2\repository\com\vladsch\flexmark\flexmark-html2md-converter\0.62.2\flexmark-html2md-converter-0.62.2.jar;C:\Users\apablliu\.m2\repository\com\vladsch\flexmark\flexmark-jira-converter\0.62.2\flexmark-jira-converter-0.62.2.jar;C:\Users\apablliu\.m2\repository\com\vladsch\flexmark\flexmark-pdf-converter\0.62.2\flexmark-pdf-converter-0.62.2.jar;C:\Users\apablliu\.m2\repository\com\openhtmltopdf\openhtmltopdf-core\1.0.0\openhtmltopdf-core-1.0.0.jar;C:\Users\apablliu\.m2\repository\com\openhtmltopdf\openhtmltopdf-pdfbox\1.0.0\openhtmltopdf-pdfbox-1.0.0.jar;C:\Users\apablliu\.m2\repository\org\apache\pdfbox\pdfbox\2.0.16\pdfbox-2.0.16.jar;C:\Users\apablliu\.m2\repository\org\apache\pdfbox\fontbox\2.0.16\fontbox-2.0.16.jar;C:\Users\apablliu\.m2\repository\org\apache\pdfbox\xmpbox\2.0.16\xmpbox-2.0.16.jar;C:\Users\apablliu\.m2\repository\de\rototor\pdfbox\graphics2d\0.24\graphics2d-0.24.jar;C:\Users\apablliu\.m2\repository\com\openhtmltopdf\openhtmltopdf-rtl-support\1.0.0\openhtmltopdf-rtl-support-1.0.0.jar;C:\Users\apablliu\.m2\repository\com\openhtmltopdf\openhtmltopdf-jsoup-dom-converter\1.0.0\openhtmltopdf-jsoup-dom-converter-1.0.0.jar;C:\Users\apablliu\.m2\repository\com\vladsch\flexmark\flexmark-profile-pegdown\0.62.2\flexmark-profile-pegdown-0.62.2.jar;C:\Users\apablliu\.m2\repository\com\vladsch\flexmark\flexmark-util-ast\0.62.2\flexmark-util-ast-0.62.2.jar;C:\Users\apablliu\.m2\repository\com\vladsch\flexmark\flexmark-util-builder\0.62.2\flexmark-util-builder-0.62.2.jar;C:\Users\apablliu\.m2\repository\com\vladsch\flexmark\flexmark-util-collection\0.62.2\flexmark-util-collection-0.62.2.jar;C:\Users\apablliu\.m2\repository\com\vladsch\flexmark\flexmark-util-data\0.62.2\flexmark-util-data-0.62.2.jar;C:\Users\apablliu\.m2\repository\com\vladsch\flexmark\flexmark-util-dependency\0.62.2\flexmark-util-dependency-0.62.2.jar;C:\Users\apablliu\.m2\repository\com\vladsch\flexmark\flexmark-util-format\0.62.2\flexmark-util-format-0.62.2.jar;C:\Users\apablliu\.m2\repository\com\vladsch\flexmark\flexmark-util-html\0.62.2\flexmark-util-html-0.62.2.jar;C:\Users\apablliu\.m2\repository\com\vladsch\flexmark\flexmark-util-misc\0.62.2\flexmark-util-misc-0.62.2.jar;C:\Users\apablliu\.m2\repository\com\vladsch\flexmark\flexmark-util-options\0.62.2\flexmark-util-options-0.62.2.jar;C:\Users\apablliu\.m2\repository\com\vladsch\flexmark\flexmark-util-sequence\0.62.2\flexmark-util-sequence-0.62.2.jar;C:\Users\apablliu\.m2\repository\com\vladsch\flexmark\flexmark-util-visitor\0.62.2\flexmark-util-visitor-0.62.2.jar;C:\Users\apablliu\.m2\repository\com\vladsch\flexmark\flexmark-youtrack-converter\0.62.2\flexmark-youtrack-converter-0.62.2.jar;C:\Users\apablliu\.m2\repository\net\serenity-bdd\serenity-reports\3.8.1\serenity-reports-3.8.1.jar;C:\Users\apablliu\.m2\repository\net\serenity-bdd\serenity-stats\3.8.1\serenity-stats-3.8.1.jar;C:\Users\apablliu\.m2\repository\net\serenity-bdd\serenity-reports-configuration\3.8.1\serenity-reports-configuration-3.8.1.jar;C:\Users\apablliu\.m2\repository\com\ibm\icu\icu4j\72.1\icu4j-72.1.jar;C:\Users\apablliu\.m2\repository\es\nitaur\markdown\txtmark\0.16\txtmark-0.16.jar;C:\Users\apablliu\.m2\repository\net\serenity-bdd\serenity-report-resources\3.8.1\serenity-report-resources-3.8.1.jar;C:\Users\apablliu\.m2\repository\com\google\code\gson\gson\2.10.1\gson-2.10.1.jar;C:\Users\apablliu\.m2\repository\com\fasterxml\jackson\core\jackson-core\2.15.0-rc1\jackson-core-2.15.0-rc1.jar;C:\Users\apablliu\.m2\repository\com\fasterxml\jackson\core\jackson-databind\2.15.0-rc1\jackson-databind-2.15.0-rc1.jar;C:\Users\apablliu\.m2\repository\com\fasterxml\jackson\core\jackson-annotations\2.15.0-rc1\jackson-annotations-2.15.0-rc1.jar;C:\Users\apablliu\.m2\repository\commons-codec\commons-codec\1.15\commons-codec-1.15.jar;C:\Users\apablliu\.m2\repository\commons-io\commons-io\2.11.0\commons-io-2.11.0.jar;C:\Users\apablliu\.m2\repository\org\apache\httpcomponents\httpclient\4.5.13\httpclient-4.5.13.jar;C:\Users\apablliu\.m2\repository\org\apache\httpcomponents\httpcore\4.4.13\httpcore-4.4.13.jar;C:\Users\apablliu\.m2\repository\commons-logging\commons-logging\1.2\commons-logging-1.2.jar;C:\Users\apablliu\.m2\repository\org\seleniumhq\selenium\selenium-api\4.10.0\selenium-api-4.10.0.jar;C:\Users\apablliu\.m2\repository\org\seleniumhq\selenium\selenium-support\4.10.0\selenium-support-4.10.0.jar;C:\Users\apablliu\.m2\repository\com\google\auto\service\auto-service-annotations\1.0.1\auto-service-annotations-1.0.1.jar;C:\Users\apablliu\.m2\repository\com\google\auto\service\auto-service\1.0.1\auto-service-1.0.1.jar;C:\Users\apablliu\.m2\repository\com\google\auto\auto-common\1.2\auto-common-1.2.jar;C:\Users\apablliu\.m2\repository\org\seleniumhq\selenium\selenium-json\4.10.0\selenium-json-4.10.0.jar;C:\Users\apablliu\.m2\repository\org\seleniumhq\selenium\selenium-chrome-driver\4.10.0\selenium-chrome-driver-4.10.0.jar;C:\Users\apablliu\.m2\repository\org\seleniumhq\selenium\selenium-chromium-driver\4.10.0\selenium-chromium-driver-4.10.0.jar;C:\Users\apablliu\.m2\repository\org\seleniumhq\selenium\selenium-manager\4.10.0\selenium-manager-4.10.0.jar;C:\Users\apablliu\.m2\repository\org\seleniumhq\selenium\selenium-firefox-driver\4.10.0\selenium-firefox-driver-4.10.0.jar;C:\Users\apablliu\.m2\repository\org\seleniumhq\selenium\selenium-http\4.10.0\selenium-http-4.10.0.jar;C:\Users\apablliu\.m2\repository\dev\failsafe\failsafe\3.3.1\failsafe-3.3.1.jar;C:\Users\apablliu\.m2\repository\org\seleniumhq\selenium\selenium-edge-driver\4.10.0\selenium-edge-driver-4.10.0.jar;C:\Users\apablliu\.m2\repository\org\seleniumhq\selenium\selenium-ie-driver\4.10.0\selenium-ie-driver-4.10.0.jar;C:\Users\apablliu\.m2\repository\org\projectlombok\lombok\1.18.20\lombok-1.18.20.jar;C:\Users\apablliu\.m2\repository\org\htmlunit\htmlunit\3.0.0\htmlunit-3.0.0.jar;C:\Users\apablliu\.m2\repository\org\apache\httpcomponents\httpmime\4.5.14\httpmime-4.5.14.jar;C:\Users\apablliu\.m2\repository\org\htmlunit\htmlunit-core-js\3.0.0\htmlunit-core-js-3.0.0.jar;C:\Users\apablliu\.m2\repository\org\htmlunit\neko-htmlunit\3.0.0\neko-htmlunit-3.0.0.jar;C:\Users\apablliu\.m2\repository\org\htmlunit\htmlunit-cssparser\3.0.0\htmlunit-cssparser-3.0.0.jar;C:\Users\apablliu\.m2\repository\org\htmlunit\htmlunit-xpath\3.0.0\htmlunit-xpath-3.0.0.jar;C:\Users\apablliu\.m2\repository\org\brotli\dec\0.1.2\dec-0.1.2.jar;C:\Users\apablliu\.m2\repository\com\shapesecurity\salvation2\3.0.1\salvation2-3.0.1.jar;C:\Users\apablliu\.m2\repository\org\eclipse\jetty\websocket\websocket-client\9.4.51.v20230217\websocket-client-9.4.51.v20230217.jar;C:\Users\apablliu\.m2\repository\org\eclipse\jetty\jetty-client\9.4.51.v20230217\jetty-client-9.4.51.v20230217.jar;C:\Users\apablliu\.m2\repository\org\eclipse\jetty\jetty-http\9.4.51.v20230217\jetty-http-9.4.51.v20230217.jar;C:\Users\apablliu\.m2\repository\org\eclipse\jetty\jetty-util\9.4.51.v20230217\jetty-util-9.4.51.v20230217.jar;C:\Users\apablliu\.m2\repository\org\eclipse\jetty\jetty-io\9.4.51.v20230217\jetty-io-9.4.51.v20230217.jar;C:\Users\apablliu\.m2\repository\org\eclipse\jetty\websocket\websocket-common\9.4.51.v20230217\websocket-common-9.4.51.v20230217.jar;C:\Users\apablliu\.m2\repository\org\eclipse\jetty\websocket\websocket-api\9.4.51.v20230217\websocket-api-9.4.51.v20230217.jar;C:\Users\apablliu\.m2\repository\org\seleniumhq\selenium\htmlunit3-driver\4.8.1\htmlunit3-driver-4.8.1.jar;C:\Users\apablliu\.m2\repository\io\appium\java-client\8.3.0\java-client-8.3.0.jar;C:\Users\apablliu\.m2\repository\commons-validator\commons-validator\1.7\commons-validator-1.7.jar;C:\Users\apablliu\.m2\repository\commons-digester\commons-digester\2.1\commons-digester-2.1.jar;C:\Users\apablliu\.m2\repository\org\apache\groovy\groovy\4.0.10\groovy-4.0.10.jar;C:\Users\apablliu\.m2\repository\net\sf\opencsv\opencsv\2.0\opencsv-2.0.jar;C:\Users\apablliu\.m2\repository\commons-beanutils\commons-beanutils\1.9.4\commons-beanutils-1.9.4.jar;C:\Users\apablliu\.m2\repository\org\apache\commons\commons-lang3\3.12.0\commons-lang3-3.12.0.jar;C:\Users\apablliu\.m2\repository\commons-collections\commons-collections\3.2.2\commons-collections-3.2.2.jar;C:\Users\apablliu\.m2\repository\org\fluentlenium\fluentlenium-core\0.10.2\fluentlenium-core-0.10.2.jar;C:\Users\apablliu\.m2\repository\io\github\bonigarcia\webdrivermanager\5.3.2\webdrivermanager-5.3.2.jar;C:\Users\apablliu\.m2\repository\com\github\docker-java\docker-java\3.2.14\docker-java-3.2.14.jar;C:\Users\apablliu\.m2\repository\com\github\docker-java\docker-java-core\3.2.14\docker-java-core-3.2.14.jar;C:\Users\apablliu\.m2\repository\com\github\docker-java\docker-java-api\3.2.14\docker-java-api-3.2.14.jar;C:\Users\apablliu\.m2\repository\org\apache\commons\commons-compress\1.21\commons-compress-1.21.jar;C:\Users\apablliu\.m2\repository\org\bouncycastle\bcpkix-jdk15on\1.64\bcpkix-jdk15on-1.64.jar;C:\Users\apablliu\.m2\repository\org\bouncycastle\bcprov-jdk15on\1.64\bcprov-jdk15on-1.64.jar;C:\Users\apablliu\.m2\repository\org\slf4j\jcl-over-slf4j\1.7.30\jcl-over-slf4j-1.7.30.jar;C:\Users\apablliu\.m2\repository\com\github\docker-java\docker-java-transport-httpclient5\3.2.14\docker-java-transport-httpclient5-3.2.14.jar;C:\Users\apablliu\.m2\repository\com\github\docker-java\docker-java-transport\3.2.14\docker-java-transport-3.2.14.jar;C:\Users\apablliu\.m2\repository\net\java\dev\jna\jna\5.12.1\jna-5.12.1.jar;C:\Users\apablliu\.m2\repository\org\apache\httpcomponents\client5\httpclient5\5.2.1\httpclient5-5.2.1.jar;C:\Users\apablliu\.m2\repository\org\apache\httpcomponents\core5\httpcore5\5.2\httpcore5-5.2.jar;C:\Users\apablliu\.m2\repository\org\apache\httpcomponents\core5\httpcore5-h2\5.2\httpcore5-h2-5.2.jar;C:\Users\apablliu\.m2\repository\com\jhlabs\filters\2.0.235\filters-2.0.235.jar;C:\Users\apablliu\.m2\repository\com\paulhammant\ngwebdriver\1.1.6\ngwebdriver-1.1.6.jar;C:\Users\apablliu\.m2\repository\joda-time\joda-time\2.12.2\joda-time-2.12.2.jar;C:\Users\apablliu\.m2\repository\org\hamcrest\hamcrest\2.2\hamcrest-2.2.jar;C:\Users\apablliu\.m2\repository\com\google\jimfs\jimfs\1.2\jimfs-1.2.jar;C:\Users\apablliu\.m2\repository\org\mockito\mockito-core\3.3.3\mockito-core-3.3.3.jar;C:\Users\apablliu\.m2\repository\javax\xml\bind\jaxb-api\2.3.1\jaxb-api-2.3.1.jar;C:\Users\apablliu\.m2\repository\javax\activation\javax.activation-api\1.2.0\javax.activation-api-1.2.0.jar;C:\Users\apablliu\.m2\repository\com\sun\xml\bind\jaxb-core\2.3.0.1\jaxb-core-2.3.0.1.jar;C:\Users\apablliu\.m2\repository\com\sun\xml\bind\jaxb-impl\2.3.3\jaxb-impl-2.3.3.jar;C:\Users\apablliu\.m2\repository\jakarta\xml\bind\jakarta.xml.bind-api\2.3.3\jakarta.xml.bind-api-2.3.3.jar;C:\Users\apablliu\.m2\repository\com\sun\activation\jakarta.activation\1.2.2\jakarta.activation-1.2.2.jar;C:\Users\apablliu\.m2\repository\javax\activation\activation\1.1.1\activation-1.1.1.jar;C:\Users\apablliu\.m2\repository\net\serenity-bdd\serenity-cucumber\3.8.1\serenity-cucumber-3.8.1.jar;C:\Users\apablliu\.m2\repository\io\cucumber\cucumber-core\7.12.0\cucumber-core-7.12.0.jar;C:\Users\apablliu\.m2\repository\io\cucumber\cucumber-gherkin\7.12.0\cucumber-gherkin-7.12.0.jar;C:\Users\apablliu\.m2\repository\io\cucumber\cucumber-gherkin-messages\7.12.0\cucumber-gherkin-messages-7.12.0.jar;C:\Users\apablliu\.m2\repository\io\cucumber\gherkin\26.2.0\gherkin-26.2.0.jar;C:\Users\apablliu\.m2\repository\io\cucumber\messages\22.0.0\messages-22.0.0.jar;C:\Users\apablliu\.m2\repository\io\cucumber\tag-expressions\5.0.1\tag-expressions-5.0.1.jar;C:\Users\apablliu\.m2\repository\io\cucumber\cucumber-expressions\16.1.2\cucumber-expressions-16.1.2.jar;C:\Users\apablliu\.m2\repository\io\cucumber\datatable\7.12.0\datatable-7.12.0.jar;C:\Users\apablliu\.m2\repository\io\cucumber\cucumber-plugin\7.12.0\cucumber-plugin-7.12.0.jar;C:\Users\apablliu\.m2\repository\io\cucumber\docstring\7.12.0\docstring-7.12.0.jar;C:\Users\apablliu\.m2\repository\io\cucumber\html-formatter\20.3.0\html-formatter-20.3.0.jar;C:\Users\apablliu\.m2\repository\io\cucumber\junit-xml-formatter\0.2.0\junit-xml-formatter-0.2.0.jar;C:\Users\apablliu\.m2\repository\io\cucumber\ci-environment\9.2.0\ci-environment-9.2.0.jar;C:\Users\apablliu\.m2\repository\io\cucumber\cucumber-java\7.12.0\cucumber-java-7.12.0.jar;C:\Users\apablliu\.m2\repository\io\cucumber\cucumber-junit\7.12.0\cucumber-junit-7.12.0.jar;C:\Users\apablliu\.m2\repository\org\apache\commons\commons-csv\1.5\commons-csv-1.5.jar;C:\Users\apablliu\.m2\repository\net\serenity-bdd\serenity-screenplay\3.8.1\serenity-screenplay-3.8.1.jar;C:\Users\apablliu\.m2\repository\net\serenity-bdd\serenity-screenplay-webdriver\3.8.1\serenity-screenplay-webdriver-3.8.1.jar;C:\Users\apablliu\.m2\repository\net\serenity-bdd\serenity-ensure\3.8.1\serenity-ensure-3.8.1.jar;C:\Users\apablliu\.m2\repository\net\serenity-bdd\serenity-junit\3.8.1\serenity-junit-3.8.1.jar;C:\Users\apablliu\.m2\repository\org\jetbrains\kotlin\kotlin-stdlib\1.8.10\kotlin-stdlib-1.8.10.jar;C:\Users\apablliu\.m2\repository\org\jetbrains\kotlin\kotlin-stdlib-common\1.8.10\kotlin-stdlib-common-1.8.10.jar;C:\Users\apablliu\.m2\repository\org\jetbrains\annotations\13.0\annotations-13.0.jar;C:\Users\apablliu\.m2\repository\org\junit\platform\junit-platform-launcher\1.8.2\junit-platform-launcher-1.8.2.jar;C:\Users\apablliu\.m2\repository\org\junit\platform\junit-platform-engine\1.8.2\junit-platform-engine-1.8.2.jar;C:\Users\apablliu\.m2\repository\org\opentest4j\opentest4j\1.2.0\opentest4j-1.2.0.jar;C:\Users\apablliu\.m2\repository\org\junit\platform\junit-platform-commons\1.8.2\junit-platform-commons-1.8.2.jar;C:\Users\apablliu\.m2\repository\org\apiguardian\apiguardian-api\1.1.2\apiguardian-api-1.1.2.jar;C:\Users\apablliu\.m2\repository\org\junit\jupiter\junit-jupiter-engine\5.8.2\junit-jupiter-engine-5.8.2.jar;C:\Users\apablliu\.m2\repository\org\junit\jupiter\junit-jupiter-api\5.8.2\junit-jupiter-api-5.8.2.jar;C:\Users\apablliu\.m2\repository\org\junit\vintage\junit-vintage-engine\5.8.2\junit-vintage-engine-5.8.2.jar;C:\Users\apablliu\.m2\repository\junit\junit\4.13.2\junit-4.13.2.jar;C:\Users\apablliu\.m2\repository\org\hamcrest\hamcrest-core\1.3\hamcrest-core-1.3.jar;C:\Users\apablliu\.m2\repository\ch\qos\logback\logback-classic\1.2.10\logback-classic-1.2.10.jar;C:\Users\apablliu\.m2\repository\ch\qos\logback\logback-core\1.2.10\logback-core-1.2.10.jar;C:\Users\apablliu\.m2\repository\org\slf4j\slf4j-api\1.7.32\slf4j-api-1.7.32.jar;C:\Users\apablliu\.m2\repository\org\assertj\assertj-core\3.23.1\assertj-core-3.23.1.jar;C:\Users\apablliu\.m2\repository\net\bytebuddy\byte-buddy\1.12.10\byte-buddy-1.12.10.jar;C:\Users\apablliu\.m2\repository\org\seleniumhq\selenium\selenium-java\4.10.0\selenium-java-4.10.0.jar;C:\Users\apablliu\.m2\repository\org\seleniumhq\selenium\selenium-devtools-v112\4.10.0\selenium-devtools-v112-4.10.0.jar;C:\Users\apablliu\.m2\repository\org\seleniumhq\selenium\selenium-devtools-v113\4.10.0\selenium-devtools-v113-4.10.0.jar;C:\Users\apablliu\.m2\repository\org\seleniumhq\selenium\selenium-devtools-v114\4.10.0\selenium-devtools-v114-4.10.0.jar;C:\Users\apablliu\.m2\repository\org\seleniumhq\selenium\selenium-devtools-v85\4.10.0\selenium-devtools-v85-4.10.0.jar;C:\Users\apablliu\.m2\repository\org\seleniumhq\selenium\selenium-remote-driver\4.10.0\selenium-remote-driver-4.10.0.jar;C:\Users\apablliu\.m2\repository\io\netty\netty-buffer\4.1.92.Final\netty-buffer-4.1.92.Final.jar;C:\Users\apablliu\.m2\repository\io\netty\netty-codec-http\4.1.92.Final\netty-codec-http-4.1.92.Final.jar;C:\Users\apablliu\.m2\repository\io\netty\netty-codec\4.1.92.Final\netty-codec-4.1.92.Final.jar;C:\Users\apablliu\.m2\repository\io\netty\netty-handler\4.1.92.Final\netty-handler-4.1.92.Final.jar;C:\Users\apablliu\.m2\repository\io\netty\netty-common\4.1.92.Final\netty-common-4.1.92.Final.jar;C:\Users\apablliu\.m2\repository\io\netty\netty-transport-classes-epoll\4.1.92.Final\netty-transport-classes-epoll-4.1.92.Final.jar;C:\Users\apablliu\.m2\repository\io\netty\netty-transport-classes-kqueue\4.1.92.Final\netty-transport-classes-kqueue-4.1.92.Final.jar;C:\Users\apablliu\.m2\repository\io\netty\netty-transport-native-epoll\4.1.92.Final\netty-transport-native-epoll-4.1.92.Final.jar;C:\Users\apablliu\.m2\repository\io\netty\netty-transport-native-kqueue\4.1.92.Final\netty-transport-native-kqueue-4.1.92.Final.jar;C:\Users\apablliu\.m2\repository\io\netty\netty-transport-native-unix-common\4.1.92.Final\netty-transport-native-unix-common-4.1.92.Final.jar;C:\Users\apablliu\.m2\repository\io\netty\netty-transport\4.1.92.Final\netty-transport-4.1.92.Final.jar;C:\Users\apablliu\.m2\repository\io\netty\netty-resolver\4.1.92.Final\netty-resolver-4.1.92.Final.jar;C:\Users\apablliu\.m2\repository\io\opentelemetry\opentelemetry-api\1.26.0\opentelemetry-api-1.26.0.jar;C:\Users\apablliu\.m2\repository\io\opentelemetry\opentelemetry-context\1.26.0\opentelemetry-context-1.26.0.jar;C:\Users\apablliu\.m2\repository\io\opentelemetry\opentelemetry-exporter-logging\1.26.0\opentelemetry-exporter-logging-1.26.0.jar;C:\Users\apablliu\.m2\repository\io\opentelemetry\opentelemetry-sdk-metrics\1.26.0\opentelemetry-sdk-metrics-1.26.0.jar;C:\Users\apablliu\.m2\repository\io\opentelemetry\opentelemetry-extension-incubator\1.26.0-alpha\opentelemetry-extension-incubator-1.26.0-alpha.jar;C:\Users\apablliu\.m2\repository\io\opentelemetry\opentelemetry-sdk-logs\1.26.0-alpha\opentelemetry-sdk-logs-1.26.0-alpha.jar;C:\Users\apablliu\.m2\repository\io\opentelemetry\opentelemetry-api-logs\1.26.0-alpha\opentelemetry-api-logs-1.26.0-alpha.jar;C:\Users\apablliu\.m2\repository\io\opentelemetry\opentelemetry-api-events\1.26.0-alpha\opentelemetry-api-events-1.26.0-alpha.jar;C:\Users\apablliu\.m2\repository\io\opentelemetry\opentelemetry-sdk-common\1.26.0\opentelemetry-sdk-common-1.26.0.jar;C:\Users\apablliu\.m2\repository\io\opentelemetry\opentelemetry-sdk-extension-autoconfigure-spi\1.26.0\opentelemetry-sdk-extension-autoconfigure-spi-1.26.0.jar;C:\Users\apablliu\.m2\repository\io\opentelemetry\opentelemetry-sdk-extension-autoconfigure\1.26.0-alpha\opentelemetry-sdk-extension-autoconfigure-1.26.0-alpha.jar;C:\Users\apablliu\.m2\repository\io\opentelemetry\opentelemetry-sdk-trace\1.26.0\opentelemetry-sdk-trace-1.26.0.jar;C:\Users\apablliu\.m2\repository\io\opentelemetry\opentelemetry-sdk\1.26.0\opentelemetry-sdk-1.26.0.jar;C:\Users\apablliu\.m2\repository\io\opentelemetry\opentelemetry-semconv\1.26.0-alpha\opentelemetry-semconv-1.26.0-alpha.jar;C:\Users\apablliu\.m2\repository\org\apache\commons\commons-exec\1.3\commons-exec-1.3.jar;C:\Users\apablliu\.m2\repository\org\asynchttpclient\async-http-client\2.12.3\async-http-client-2.12.3.jar;C:\Users\apablliu\.m2\repository\org\asynchttpclient\async-http-client-netty-utils\2.12.3\async-http-client-netty-utils-2.12.3.jar;C:\Users\apablliu\.m2\repository\io\netty\netty-codec-socks\4.1.60.Final\netty-codec-socks-4.1.60.Final.jar;C:\Users\apablliu\.m2\repository\io\netty\netty-handler-proxy\4.1.60.Final\netty-handler-proxy-4.1.60.Final.jar;C:\Users\apablliu\.m2\repository\io\netty\netty-transport-native-epoll\4.1.60.Final\netty-transport-native-epoll-4.1.60.Final-linux-x86_64.jar;C:\Users\apablliu\.m2\repository\io\netty\netty-transport-native-kqueue\4.1.60.Final\netty-transport-native-kqueue-4.1.60.Final-osx-x86_64.jar;C:\Users\apablliu\.m2\repository\org\reactivestreams\reactive-streams\1.0.3\reactive-streams-1.0.3.jar;C:\Users\apablliu\.m2\repository\com\typesafe\netty\netty-reactive-streams\2.0.4\netty-reactive-streams-2.0.4.jar;C:\Users\apablliu\.m2\repository\org\seleniumhq\selenium\selenium-safari-driver\4.10.0\selenium-safari-driver-4.10.0.jar;C:\Users\apablliu\.m2\repository\com\oracle\database\jdbc\ojdbc10\19.19.0.0\ojdbc10-19.19.0.0.jar;C:\Users\apablliu\.m2\repository\com\microsoft\sqlserver\mssql-jdbc\9.4.1.jre11\mssql-jdbc-9.4.1.jre11.jar;C:\Users\apablliu\.m2\repository\org\apache\maven\surefire\surefire-junit-platform\3.0.0-M5\surefire-junit-platform-3.0.0-M5.jar;C:\Users\apablliu\.m2\repository\org\apache\maven\surefire\common-java5\3.0.0-M5\common-java5-3.0.0-M5.jar"/>
    <property name="user.script" value=""/>
    <property name="java.protocol.handler.pkgs" value="com.google.common"/>
    <property name="sun.management.compiler" value="HotSpot 64-Bit Tiered Compilers"/>
    <property name="java.runtime.version" value="20.0.1+9-29"/>
    <property name="user.name" value="APABLLIU"/>
    <property name="stdout.encoding" value="Cp1252"/>
    <property name="path.separator" value=";"/>
    <property name="os.version" value="10.0"/>
    <property name="java.runtime.name" value="Java(TM) SE Runtime Environment"/>
    <property name="file.encoding" value="UTF-8"/>
    <property name="webdriver.base.url" value=""/>
    <property name="java.vm.name" value="Java HotSpot(TM) 64-Bit Server VM"/>
    <property name="localRepository" value="C:\Users\apablliu\.m2\repository"/>
    <property name="java.vendor.url.bug" value="https://bugreport.java.com/bugreport/"/>
    <property name="java.io.tmpdir" value="C:\Users\apablliu\AppData\Local\Temp\"/>
    <property name="java.version" value="20.0.1"/>
    <property name="user.dir" value="C:\Data Adrian\NETBOX_TEST\Automation"/>
    <property name="os.arch" value="amd64"/>
    <property name="java.vm.specification.name" value="Java Virtual Machine Specification"/>
    <property name="sun.os.patch.level" value=""/>
    <property name="native.encoding" value="Cp1252"/>
    <property name="java.library.path" value="C:\Program Files\Java\jdk-20\bin;C:\Windows\Sun\Java\bin;C:\Windows\system32;C:\Windows;C:\Program Files\Common Files\Oracle\Java\javapath;C:\Program Files\Microsoft\jdk-11.0.16.101-hotspot\bin;C:\Python311\Scripts\;C:\Python311\;C:\app\APABLLIU\product\12.1.0\client_1;C:\Program Files (x86)\VMware\VMware Workstation\bin\;C:\ORACLE12\product\12.1.0\client_1\bin;c:\ORANT\bin;C:\Windows\system32;C:\Windows;C:\Windows\System32\Wbem;C:\Windows\System32\WindowsPowerShell\v1.0\;C:\Windows\System32\OpenSSH\;C:\Program Files\dotnet\;c:\ORANT\jdk\bin;C:\Program Files (x86)\Hyland\Web ActiveX\;C:\Program Files\Cloudflare\Cloudflare WARP\;C:\Program Files (x86)\Microsoft SQL Server\150\DTS\Binn\;C:\Program Files\Azure Data Studio\bin;C:\Program Files\Amazon\AWSCLIV2\;C:\Program Files\nodejs\;C:\ProgramData\chocolatey\bin;C:\Program Files\k6\;C:\Program Files\Docker\Docker\resources\bin;C:\Program Files\PuTTY\;C:\Program Files\Microsoft SQL Server\130\Tools\Binn\;C:\Program Files\Java\jdk-20\bin;C:\apache-maven-3.9.2\bin;C:\Program Files\Git\cmd;C:\Users\apablliu\AppData\Local\Programs\Python\Python38\Scripts\;C:\Users\apablliu\AppData\Local\Programs\Python\Python38\;C:\Users\apablliu\AppData\Local\Microsoft\WindowsApps;C:\Users\apablliu\AppData\Local\Programs\Microsoft VS Code\bin;C:\Python;C:\Python\Lib\site-packages;C:\Users\apablliu\AppData\Roaming\npm;C:\Users\apablliu\.dotnet\tools;."/>
    <property name="java.vm.info" value="mixed mode"/>
    <property name="stderr.encoding" value="Cp1252"/>
    <property name="java.vendor" value="Oracle Corporation"/>
    <property name="java.vm.version" value="20.0.1+9-29"/>
    <property name="sun.io.unicode.encoding" value="UnicodeLittle"/>
    <property name="java.class.version" value="64.0"/>
  </properties>
  <testcase name="Create Device with all the features #1" classname="Create NETBOX to ZABBIX" time="34.546">
    <system-out><![CDATA[00:22:31.893 [main] INFO   - 

-------------------------------------------------------------------------------------
     _______. _______ .______       _______ .__   __.  __  .___________.____    ____ 
    /       ||   ____||   _  \     |   ____||  \ |  | |  | |           |\   \  /   / 
   |   (----`|  |__   |  |_)  |    |  |__   |   \|  | |  | `---|  |----` \   \/   /  
    \   \    |   __|  |      /     |   __|  |  . `  | |  |     |  |       \_    _/   
.----)   |   |  |____ |  |\  \----.|  |____ |  |\   | |  |     |  |         |  |     
|_______/    |_______|| _| `._____||_______||__| \__| |__|     |__|         |__|    
                                                                                     
 News and tutorials at http://www.serenity-bdd.info                                  
 Documentation at https://wakaleo.gitbooks.io/the-serenity-book/content/             
 Join the Serenity Community on Gitter: https://gitter.im/serenity-bdd/serenity-core 
 Serenity BDD Support and Training at http://serenity-bdd.info/#/trainingandsupport  
-------------------------------------------------------------------------------------

00:22:31.897 [main] INFO   - Test Suite Started: Create NETBOX to ZABBIX
00:22:31.911 [main] INFO   - Test Suite Started: Delete devices from NETBOX to ZABBIX
00:22:31.914 [main] INFO   - Test Suite Started: Create NETBOX to ZABBIX

Scenario Outline: Create Device with all the features                   &amp#27;[90m# src/test/resources/features/1_Create_Device.feature:22&amp#27;[0m
00:22:32.098 [main] INFO   - 
  _____   ___   ___   _____     ___   _____     _     ___   _____   ___   ___  
 |_   _| | __| / __| |_   _|   / __| |_   _|   /_\   | _ \ |_   _| | __| |   \ 
   | |   | _|  \__ \   | |     \__ \   | |    / _ \  |   /   | |   | _|  | |) |
   |_|   |___| |___/   |_|     |___/   |_|   /_/ \_\ |_|_\   |_|   |___| |___/ 

Create Device with all the features(create-netbox-to-zabbix;create-device-with-all-the-features)
--------------------------------------------------------------------------------
00:22:32.961 [main] INFO  n.s.c.w.d.ChromeDriverProvider - Starting Chrome driver instance with capabilities:
00:22:32.964 [main] INFO  n.s.c.w.d.ChromeDriverProvider - Capabilities {acceptInsecureCerts: false, browserName: chrome, goog:chromeOptions: {args: [remote-allow-origins=*], extensions: []}}
  &amp#27;[32mGiven &amp#27;[0m&amp#27;[32mI am creating a device in Netbox&amp#27;[0m                                &amp#27;[90m# Api_Netbox_Zabbix_Integration.stepdefinitions.CreateDeviceStepDef.i_am_creating_a_device_in_netbox()&amp#27;[0m
  &amp#27;[32mWhen &amp#27;[0m&amp#27;[32mThe field Name is &amp#27;[0m&amp#27;[32m&amp#27;[1m"E01_Test-01"&amp#27;[0m                                  &amp#27;[90m# Api_Netbox_Zabbix_Integration.stepdefinitions.CreateDeviceStepDef.the_field_name_is(java.lang.String)&amp#27;[0m
  &amp#27;[32mAnd &amp#27;[0m&amp#27;[32mThe field Device Role: &amp#27;[0m&amp#27;[32m&amp#27;[1m"device_role"&amp#27;[0m&amp#27;[32m is selected&amp#27;[0m                  &amp#27;[90m# Api_Netbox_Zabbix_Integration.stepdefinitions.CreateDeviceStepDef.the_field_device_role_is_selected(java.lang.String)&amp#27;[0m
  &amp#27;[32mAnd &amp#27;[0m&amp#27;[32mThe field Device Type: &amp#27;[0m&amp#27;[32m&amp#27;[1m"Device Type"&amp#27;[0m&amp#27;[32m is selected&amp#27;[0m                  &amp#27;[90m# Api_Netbox_Zabbix_Integration.stepdefinitions.CreateDeviceStepDef.the_field_device_type_is_selected(java.lang.String)&amp#27;[0m
  &amp#27;[32mAnd &amp#27;[0m&amp#27;[32mThe field Site: &amp#27;[0m&amp#27;[32m&amp#27;[1m"SITIO-01"&amp#27;[0m&amp#27;[32m is selected&amp#27;[0m                            &amp#27;[90m# Api_Netbox_Zabbix_Integration.stepdefinitions.CreateDeviceStepDef.the_field_site_is_selected(java.lang.String)&amp#27;[0m
  &amp#27;[32mAnd &amp#27;[0m&amp#27;[32mThe field Platform: &amp#27;[0m&amp#27;[32m&amp#27;[1m"Windows Server 2019"&amp#27;[0m&amp#27;[32m is selected&amp#27;[0m             &amp#27;[90m# Api_Netbox_Zabbix_Integration.stepdefinitions.CreateDeviceStepDef.the_field_platform_is_selected(java.lang.String)&amp#27;[0m
  &amp#27;[32mAnd &amp#27;[0m&amp#27;[32mThe button Create Device is clicked&amp#27;[0m                               &amp#27;[90m# Api_Netbox_Zabbix_Integration.stepdefinitions.CreateDeviceStepDef.the_button_create_device_is_clicked()&amp#27;[0m
  &amp#27;[32mGiven &amp#27;[0m&amp#27;[32mI log in successfully in Zabbix&amp#27;[0m                                 &amp#27;[90m# Api_Netbox_Zabbix_Integration.stepdefinitions.CreateDeviceStepDef.iLogInSuccessfullyInZabbix()&amp#27;[0m
  &amp#27;[32mThen &amp#27;[0m&amp#27;[32mThe Zabbix host: &amp#27;[0m&amp#27;[32m&amp#27;[1m"E01_Test-01"&amp#27;[0m&amp#27;[32m interface is UPDATE_IP with port&amp#27;[0m  &amp#27;[90m# Api_Netbox_Zabbix_Integration.stepdefinitions.CreateDeviceStepDef.theZabbixHostDeviceNameItsInterfaceIsUPDATE_IPWithPort(java.lang.String)&amp#27;[0m
  &amp#27;[32mAnd &amp#27;[0m&amp#27;[32mThe Netbox device: &amp#27;[0m&amp#27;[32m&amp#27;[1m"E01_Test-01"&amp#27;[0m&amp#27;[32m is displayed in Zabbix hosts&amp#27;[0m     &amp#27;[90m# Api_Netbox_Zabbix_Integration.stepdefinitions.CreateDeviceStepDef.the_netbox_device_is_displayed_in_zabbix_hosts(java.lang.String)&amp#27;[0m
  &amp#27;[32mAnd &amp#27;[0m&amp#27;[32mThe Zabbix host is related to the HostGroup: &amp#27;[0m&amp#27;[32m&amp#27;[1m"SITIO-01"&amp#27;[0m           &amp#27;[90m# Api_Netbox_Zabbix_Integration.stepdefinitions.CreateDeviceStepDef.the_zabbix_host_is_related_to_the_host_group(java.lang.String)&amp#27;[0m
  &amp#27;[32mAnd &amp#27;[0m&amp#27;[32mThe Zabbix host is related to the template: &amp#27;[0m&amp#27;[32m&amp#27;[1m"Windows Server 2019"&amp#27;[0m &amp#27;[90m# Api_Netbox_Zabbix_Integration.stepdefinitions.CreateDeviceStepDef.the_zabbix_host_is_related_to_the_template(java.lang.String)&amp#27;[0m
00:23:06.217 [AsyncHttpClient-1-4] WARN  o.a.netty.handler.WebSocketHandler - onError
java.net.SocketException: Connection reset
	at java.base/sun.nio.ch.SocketChannelImpl.throwConnectionReset(SocketChannelImpl.java:401)
	at java.base/sun.nio.ch.SocketChannelImpl.read(SocketChannelImpl.java:434)
	at io.netty.buffer.PooledByteBuf.setBytes(PooledByteBuf.java:256)
	at io.netty.buffer.AbstractByteBuf.writeBytes(AbstractByteBuf.java:1132)
	at io.netty.channel.socket.nio.NioSocketChannel.doReadBytes(NioSocketChannel.java:357)
	at io.netty.channel.nio.AbstractNioByteChannel$NioByteUnsafe.read(AbstractNioByteChannel.java:151)
	at io.netty.channel.nio.NioEventLoop.processSelectedKey(NioEventLoop.java:788)
	at io.netty.channel.nio.NioEventLoop.processSelectedKeysOptimized(NioEventLoop.java:724)
	at io.netty.channel.nio.NioEventLoop.processSelectedKeys(NioEventLoop.java:650)
	at io.netty.channel.nio.NioEventLoop.run(NioEventLoop.java:562)
	at io.netty.util.concurrent.SingleThreadEventExecutor$4.run(SingleThreadEventExecutor.java:997)
	at io.netty.util.internal.ThreadExecutorMap$2.run(ThreadExecutorMap.java:74)
	at io.netty.util.concurrent.FastThreadLocalRunnable.run(FastThreadLocalRunnable.java:30)
	at java.base/java.lang.Thread.run(Thread.java:1623)
00:23:06.458 [main] INFO   - 
  _____   ___   ___   _____     ___     _     ___   ___   ___   ___  
 |_   _| | __| / __| |_   _|   | _ \   /_\   / __| / __| | __| |   \ 
   | |   | _|  \__ \   | |     |  _/  / _ \  \__ \ \__ \ | _|  | |) |
   |_|   |___| |___/   |_|     |_|   /_/ \_\ |___/ |___/ |___| |___/ 

Create Device with all the features
----------------------------------------------------------------------
]]></system-out>
    <system-err><![CDATA[jul. 22, 2023 12:22:33 A. M. org.openqa.selenium.remote.service.DriverService$Builder getLogOutput
INFO: Driver logs no longer sent to console by default; https://www.selenium.dev/documentation/webdriver/drivers/service/#setting-log-output
jul. 22, 2023 12:22:36 A. M. org.openqa.selenium.devtools.CdpVersionFinder findNearestMatch
WARNING: Unable to find an exact match for CDP version 115, so returning the closest version found: 114
jul. 22, 2023 12:23:06 A. M. org.openqa.selenium.remote.http.WebSocket$Listener onError
WARNING: Connection reset
java.net.SocketException: Connection reset
	at java.base/sun.nio.ch.SocketChannelImpl.throwConnectionReset(SocketChannelImpl.java:401)
	at java.base/sun.nio.ch.SocketChannelImpl.read(SocketChannelImpl.java:434)
	at io.netty.buffer.PooledByteBuf.setBytes(PooledByteBuf.java:256)
	at io.netty.buffer.AbstractByteBuf.writeBytes(AbstractByteBuf.java:1132)
	at io.netty.channel.socket.nio.NioSocketChannel.doReadBytes(NioSocketChannel.java:357)
	at io.netty.channel.nio.AbstractNioByteChannel$NioByteUnsafe.read(AbstractNioByteChannel.java:151)
	at io.netty.channel.nio.NioEventLoop.processSelectedKey(NioEventLoop.java:788)
	at io.netty.channel.nio.NioEventLoop.processSelectedKeysOptimized(NioEventLoop.java:724)
	at io.netty.channel.nio.NioEventLoop.processSelectedKeys(NioEventLoop.java:650)
	at io.netty.channel.nio.NioEventLoop.run(NioEventLoop.java:562)
	at io.netty.util.concurrent.SingleThreadEventExecutor$4.run(SingleThreadEventExecutor.java:997)
	at io.netty.util.internal.ThreadExecutorMap$2.run(ThreadExecutorMap.java:74)
	at io.netty.util.concurrent.FastThreadLocalRunnable.run(FastThreadLocalRunnable.java:30)
	at java.base/java.lang.Thread.run(Thread.java:1623)

]]></system-err>
  </testcase>
  <testcase name="Create Device with all the features #2" classname="Create NETBOX to ZABBIX" time="28.953">
    <system-out><![CDATA[
Scenario Outline: Create Device with all the features                   &amp#27;[90m# src/test/resources/features/1_Create_Device.feature:23&amp#27;[0m
00:23:06.538 [main] INFO  n.s.c.w.d.ChromeDriverProvider - Starting Chrome driver instance with capabilities:
00:23:06.539 [main] INFO  n.s.c.w.d.ChromeDriverProvider - Capabilities {acceptInsecureCerts: false, browserName: chrome, goog:chromeOptions: {args: [remote-allow-origins=*], extensions: []}}
  &amp#27;[32mGiven &amp#27;[0m&amp#27;[32mI am creating a device in Netbox&amp#27;[0m                                &amp#27;[90m# Api_Netbox_Zabbix_Integration.stepdefinitions.CreateDeviceStepDef.i_am_creating_a_device_in_netbox()&amp#27;[0m
  &amp#27;[32mWhen &amp#27;[0m&amp#27;[32mThe field Name is &amp#27;[0m&amp#27;[32m&amp#27;[1m"E01_Test-02"&amp#27;[0m                                  &amp#27;[90m# Api_Netbox_Zabbix_Integration.stepdefinitions.CreateDeviceStepDef.the_field_name_is(java.lang.String)&amp#27;[0m
  &amp#27;[32mAnd &amp#27;[0m&amp#27;[32mThe field Device Role: &amp#27;[0m&amp#27;[32m&amp#27;[1m"device_role"&amp#27;[0m&amp#27;[32m is selected&amp#27;[0m                  &amp#27;[90m# Api_Netbox_Zabbix_Integration.stepdefinitions.CreateDeviceStepDef.the_field_device_role_is_selected(java.lang.String)&amp#27;[0m
  &amp#27;[32mAnd &amp#27;[0m&amp#27;[32mThe field Device Type: &amp#27;[0m&amp#27;[32m&amp#27;[1m"Device Type"&amp#27;[0m&amp#27;[32m is selected&amp#27;[0m                  &amp#27;[90m# Api_Netbox_Zabbix_Integration.stepdefinitions.CreateDeviceStepDef.the_field_device_type_is_selected(java.lang.String)&amp#27;[0m
  &amp#27;[32mAnd &amp#27;[0m&amp#27;[32mThe field Site: &amp#27;[0m&amp#27;[32m&amp#27;[1m"SITIO-01"&amp#27;[0m&amp#27;[32m is selected&amp#27;[0m                            &amp#27;[90m# Api_Netbox_Zabbix_Integration.stepdefinitions.CreateDeviceStepDef.the_field_site_is_selected(java.lang.String)&amp#27;[0m
  &amp#27;[32mAnd &amp#27;[0m&amp#27;[32mThe field Platform: &amp#27;[0m&amp#27;[32m&amp#27;[1m"Windows Server 2019"&amp#27;[0m&amp#27;[32m is selected&amp#27;[0m             &amp#27;[90m# Api_Netbox_Zabbix_Integration.stepdefinitions.CreateDeviceStepDef.the_field_platform_is_selected(java.lang.String)&amp#27;[0m
  &amp#27;[32mAnd &amp#27;[0m&amp#27;[32mThe button Create Device is clicked&amp#27;[0m                               &amp#27;[90m# Api_Netbox_Zabbix_Integration.stepdefinitions.CreateDeviceStepDef.the_button_create_device_is_clicked()&amp#27;[0m
  &amp#27;[32mGiven &amp#27;[0m&amp#27;[32mI log in successfully in Zabbix&amp#27;[0m                                 &amp#27;[90m# Api_Netbox_Zabbix_Integration.stepdefinitions.CreateDeviceStepDef.iLogInSuccessfullyInZabbix()&amp#27;[0m
  &amp#27;[32mThen &amp#27;[0m&amp#27;[32mThe Zabbix host: &amp#27;[0m&amp#27;[32m&amp#27;[1m"E01_Test-02"&amp#27;[0m&amp#27;[32m interface is UPDATE_IP with port&amp#27;[0m  &amp#27;[90m# Api_Netbox_Zabbix_Integration.stepdefinitions.CreateDeviceStepDef.theZabbixHostDeviceNameItsInterfaceIsUPDATE_IPWithPort(java.lang.String)&amp#27;[0m
  &amp#27;[32mAnd &amp#27;[0m&amp#27;[32mThe Netbox device: &amp#27;[0m&amp#27;[32m&amp#27;[1m"E01_Test-02"&amp#27;[0m&amp#27;[32m is displayed in Zabbix hosts&amp#27;[0m     &amp#27;[90m# Api_Netbox_Zabbix_Integration.stepdefinitions.CreateDeviceStepDef.the_netbox_device_is_displayed_in_zabbix_hosts(java.lang.String)&amp#27;[0m
  &amp#27;[32mAnd &amp#27;[0m&amp#27;[32mThe Zabbix host is related to the HostGroup: &amp#27;[0m&amp#27;[32m&amp#27;[1m"SITIO-01"&amp#27;[0m           &amp#27;[90m# Api_Netbox_Zabbix_Integration.stepdefinitions.CreateDeviceStepDef.the_zabbix_host_is_related_to_the_host_group(java.lang.String)&amp#27;[0m
  &amp#27;[32mAnd &amp#27;[0m&amp#27;[32mThe Zabbix host is related to the template: &amp#27;[0m&amp#27;[32m&amp#27;[1m"Windows Server 2019"&amp#27;[0m &amp#27;[90m# Api_Netbox_Zabbix_Integration.stepdefinitions.CreateDeviceStepDef.the_zabbix_host_is_related_to_the_template(java.lang.String)&amp#27;[0m
00:23:35.418 [main] INFO   - 
  _____   ___   ___   _____     ___     _     ___   ___   ___   ___  
 |_   _| | __| / __| |_   _|   | _ \   /_\   / __| / __| | __| |   \ 
   | |   | _|  \__ \   | |     |  _/  / _ \  \__ \ \__ \ | _|  | |) |
   |_|   |___| |___/   |_|     |_|   /_/ \_\ |___/ |___/ |___| |___/ 

Create Device with all the features
----------------------------------------------------------------------
]]></system-out>
    <system-err><![CDATA[jul. 22, 2023 12:23:06 A. M. org.openqa.selenium.remote.service.DriverService$Builder getLogOutput
INFO: Driver logs no longer sent to console by default; https://www.selenium.dev/documentation/webdriver/drivers/service/#setting-log-output
jul. 22, 2023 12:23:09 A. M. org.openqa.selenium.devtools.CdpVersionFinder findNearestMatch
WARNING: Unable to find an exact match for CDP version 115, so returning the closest version found: 114
]]></system-err>
  </testcase>
  <testcase name="Create Device with NO platform #1" classname="Create NETBOX to ZABBIX" time="29.345">
    <system-out><![CDATA[
Scenario Outline: Create Device with NO platform                       &amp#27;[90m# src/test/resources/features/1_Create_Device.feature:43&amp#27;[0m
00:23:35.425 [main] INFO   - 
  _____   ___   ___   _____     ___   _____     _     ___   _____   ___   ___  
 |_   _| | __| / __| |_   _|   / __| |_   _|   /_\   | _ \ |_   _| | __| |   \ 
   | |   | _|  \__ \   | |     \__ \   | |    / _ \  |   /   | |   | _|  | |) |
   |_|   |___| |___/   |_|     |___/   |_|   /_/ \_\ |_|_\   |_|   |___| |___/ 

Create Device with NO platform(create-netbox-to-zabbix;create-device-with-no-platform)
--------------------------------------------------------------------------------
00:23:35.477 [main] INFO  n.s.c.w.d.ChromeDriverProvider - Starting Chrome driver instance with capabilities:
00:23:35.477 [main] INFO  n.s.c.w.d.ChromeDriverProvider - Capabilities {acceptInsecureCerts: false, browserName: chrome, goog:chromeOptions: {args: [remote-allow-origins=*], extensions: []}}
  &amp#27;[32mGiven &amp#27;[0m&amp#27;[32mI am creating a device in Netbox&amp#27;[0m                               &amp#27;[90m# Api_Netbox_Zabbix_Integration.stepdefinitions.CreateDeviceStepDef.i_am_creating_a_device_in_netbox()&amp#27;[0m
  &amp#27;[32mWhen &amp#27;[0m&amp#27;[32mThe field Name is &amp#27;[0m&amp#27;[32m&amp#27;[1m"E02_Test-01"&amp#27;[0m                                 &amp#27;[90m# Api_Netbox_Zabbix_Integration.stepdefinitions.CreateDeviceStepDef.the_field_name_is(java.lang.String)&amp#27;[0m
  &amp#27;[32mAnd &amp#27;[0m&amp#27;[32mThe field Device Role: &amp#27;[0m&amp#27;[32m&amp#27;[1m"device_role"&amp#27;[0m&amp#27;[32m is selected&amp#27;[0m                 &amp#27;[90m# Api_Netbox_Zabbix_Integration.stepdefinitions.CreateDeviceStepDef.the_field_device_role_is_selected(java.lang.String)&amp#27;[0m
  &amp#27;[32mAnd &amp#27;[0m&amp#27;[32mThe field Device Type: &amp#27;[0m&amp#27;[32m&amp#27;[1m"Device Type"&amp#27;[0m&amp#27;[32m is selected&amp#27;[0m                 &amp#27;[90m# Api_Netbox_Zabbix_Integration.stepdefinitions.CreateDeviceStepDef.the_field_device_type_is_selected(java.lang.String)&amp#27;[0m
  &amp#27;[32mAnd &amp#27;[0m&amp#27;[32mThe field Site: &amp#27;[0m&amp#27;[32m&amp#27;[1m"SITIO-01"&amp#27;[0m&amp#27;[32m is selected&amp#27;[0m                           &amp#27;[90m# Api_Netbox_Zabbix_Integration.stepdefinitions.CreateDeviceStepDef.the_field_site_is_selected(java.lang.String)&amp#27;[0m
  &amp#27;[32mAnd &amp#27;[0m&amp#27;[32mThe button Create Device is clicked&amp#27;[0m                              &amp#27;[90m# Api_Netbox_Zabbix_Integration.stepdefinitions.CreateDeviceStepDef.the_button_create_device_is_clicked()&amp#27;[0m
  &amp#27;[32mGiven &amp#27;[0m&amp#27;[32mI log in successfully in Zabbix&amp#27;[0m                                &amp#27;[90m# Api_Netbox_Zabbix_Integration.stepdefinitions.CreateDeviceStepDef.iLogInSuccessfullyInZabbix()&amp#27;[0m
  &amp#27;[32mThen &amp#27;[0m&amp#27;[32mThe Zabbix host: &amp#27;[0m&amp#27;[32m&amp#27;[1m"E02_Test-01"&amp#27;[0m&amp#27;[32m interface is UPDATE_IP with port&amp#27;[0m &amp#27;[90m# Api_Netbox_Zabbix_Integration.stepdefinitions.CreateDeviceStepDef.theZabbixHostDeviceNameItsInterfaceIsUPDATE_IPWithPort(java.lang.String)&amp#27;[0m
  &amp#27;[32mAnd &amp#27;[0m&amp#27;[32mThe Netbox device: &amp#27;[0m&amp#27;[32m&amp#27;[1m"E02_Test-01"&amp#27;[0m&amp#27;[32m is displayed in Zabbix hosts&amp#27;[0m    &amp#27;[90m# Api_Netbox_Zabbix_Integration.stepdefinitions.CreateDeviceStepDef.the_netbox_device_is_displayed_in_zabbix_hosts(java.lang.String)&amp#27;[0m
  &amp#27;[32mAnd &amp#27;[0m&amp#27;[32mThe Zabbix host is related to the HostGroup: &amp#27;[0m&amp#27;[32m&amp#27;[1m"SITIO-01"&amp#27;[0m          &amp#27;[90m# Api_Netbox_Zabbix_Integration.stepdefinitions.CreateDeviceStepDef.the_zabbix_host_is_related_to_the_host_group(java.lang.String)&amp#27;[0m
00:24:04.763 [main] INFO   - 
  _____   ___   ___   _____     ___     _     ___   ___   ___   ___  
 |_   _| | __| / __| |_   _|   | _ \   /_\   / __| / __| | __| |   \ 
   | |   | _|  \__ \   | |     |  _/  / _ \  \__ \ \__ \ | _|  | |) |
   |_|   |___| |___/   |_|     |_|   /_/ \_\ |___/ |___/ |___| |___/ 

Create Device with NO platform
----------------------------------------------------------------------
]]></system-out>
    <system-err><![CDATA[jul. 22, 2023 12:23:35 A. M. org.openqa.selenium.remote.service.DriverService$Builder getLogOutput
INFO: Driver logs no longer sent to console by default; https://www.selenium.dev/documentation/webdriver/drivers/service/#setting-log-output
jul. 22, 2023 12:23:38 A. M. org.openqa.selenium.devtools.CdpVersionFinder findNearestMatch
WARNING: Unable to find an exact match for CDP version 115, so returning the closest version found: 114
]]></system-err>
  </testcase>
  <testcase name="Create Device with NO platform #2" classname="Create NETBOX to ZABBIX" time="23.543">
    <system-out><![CDATA[
Scenario Outline: Create Device with NO platform                       &amp#27;[90m# src/test/resources/features/1_Create_Device.feature:44&amp#27;[0m
00:24:04.819 [main] INFO  n.s.c.w.d.ChromeDriverProvider - Starting Chrome driver instance with capabilities:
00:24:04.819 [main] INFO  n.s.c.w.d.ChromeDriverProvider - Capabilities {acceptInsecureCerts: false, browserName: chrome, goog:chromeOptions: {args: [remote-allow-origins=*], extensions: []}}
  &amp#27;[32mGiven &amp#27;[0m&amp#27;[32mI am creating a device in Netbox&amp#27;[0m                               &amp#27;[90m# Api_Netbox_Zabbix_Integration.stepdefinitions.CreateDeviceStepDef.i_am_creating_a_device_in_netbox()&amp#27;[0m
  &amp#27;[32mWhen &amp#27;[0m&amp#27;[32mThe field Name is &amp#27;[0m&amp#27;[32m&amp#27;[1m"E02_Test-02"&amp#27;[0m                                 &amp#27;[90m# Api_Netbox_Zabbix_Integration.stepdefinitions.CreateDeviceStepDef.the_field_name_is(java.lang.String)&amp#27;[0m
  &amp#27;[32mAnd &amp#27;[0m&amp#27;[32mThe field Device Role: &amp#27;[0m&amp#27;[32m&amp#27;[1m"device_role"&amp#27;[0m&amp#27;[32m is selected&amp#27;[0m                 &amp#27;[90m# Api_Netbox_Zabbix_Integration.stepdefinitions.CreateDeviceStepDef.the_field_device_role_is_selected(java.lang.String)&amp#27;[0m
  &amp#27;[32mAnd &amp#27;[0m&amp#27;[32mThe field Device Type: &amp#27;[0m&amp#27;[32m&amp#27;[1m"Device Type"&amp#27;[0m&amp#27;[32m is selected&amp#27;[0m                 &amp#27;[90m# Api_Netbox_Zabbix_Integration.stepdefinitions.CreateDeviceStepDef.the_field_device_type_is_selected(java.lang.String)&amp#27;[0m
  &amp#27;[32mAnd &amp#27;[0m&amp#27;[32mThe field Site: &amp#27;[0m&amp#27;[32m&amp#27;[1m"SITIO-01"&amp#27;[0m&amp#27;[32m is selected&amp#27;[0m                           &amp#27;[90m# Api_Netbox_Zabbix_Integration.stepdefinitions.CreateDeviceStepDef.the_field_site_is_selected(java.lang.String)&amp#27;[0m
  &amp#27;[32mAnd &amp#27;[0m&amp#27;[32mThe button Create Device is clicked&amp#27;[0m                              &amp#27;[90m# Api_Netbox_Zabbix_Integration.stepdefinitions.CreateDeviceStepDef.the_button_create_device_is_clicked()&amp#27;[0m
  &amp#27;[32mGiven &amp#27;[0m&amp#27;[32mI log in successfully in Zabbix&amp#27;[0m                                &amp#27;[90m# Api_Netbox_Zabbix_Integration.stepdefinitions.CreateDeviceStepDef.iLogInSuccessfullyInZabbix()&amp#27;[0m
  &amp#27;[32mThen &amp#27;[0m&amp#27;[32mThe Zabbix host: &amp#27;[0m&amp#27;[32m&amp#27;[1m"E02_Test-02"&amp#27;[0m&amp#27;[32m interface is UPDATE_IP with port&amp#27;[0m &amp#27;[90m# Api_Netbox_Zabbix_Integration.stepdefinitions.CreateDeviceStepDef.theZabbixHostDeviceNameItsInterfaceIsUPDATE_IPWithPort(java.lang.String)&amp#27;[0m
  &amp#27;[32mAnd &amp#27;[0m&amp#27;[32mThe Netbox device: &amp#27;[0m&amp#27;[32m&amp#27;[1m"E02_Test-02"&amp#27;[0m&amp#27;[32m is displayed in Zabbix hosts&amp#27;[0m    &amp#27;[90m# Api_Netbox_Zabbix_Integration.stepdefinitions.CreateDeviceStepDef.the_netbox_device_is_displayed_in_zabbix_hosts(java.lang.String)&amp#27;[0m
  &amp#27;[32mAnd &amp#27;[0m&amp#27;[32mThe Zabbix host is related to the HostGroup: &amp#27;[0m&amp#27;[32m&amp#27;[1m"SITIO-01"&amp#27;[0m          &amp#27;[90m# Api_Netbox_Zabbix_Integration.stepdefinitions.CreateDeviceStepDef.the_zabbix_host_is_related_to_the_host_group(java.lang.String)&amp#27;[0m
00:24:28.306 [main] INFO   - 
  _____   ___   ___   _____     ___     _     ___   ___   ___   ___  
 |_   _| | __| / __| |_   _|   | _ \   /_\   / __| / __| | __| |   \ 
   | |   | _|  \__ \   | |     |  _/  / _ \  \__ \ \__ \ | _|  | |) |
   |_|   |___| |___/   |_|     |_|   /_/ \_\ |___/ |___/ |___| |___/ 

Create Device with NO platform
----------------------------------------------------------------------
]]></system-out>
    <system-err><![CDATA[jul. 22, 2023 12:24:04 A. M. org.openqa.selenium.remote.service.DriverService$Builder getLogOutput
INFO: Driver logs no longer sent to console by default; https://www.selenium.dev/documentation/webdriver/drivers/service/#setting-log-output
jul. 22, 2023 12:24:06 A. M. org.openqa.selenium.devtools.CdpVersionFinder findNearestMatch
WARNING: Unable to find an exact match for CDP version 115, so returning the closest version found: 114
]]></system-err>
  </testcase>
  <testcase name="Create Device with a SITE that not exist in Zabbix as HostGroup #1" classname="Create NETBOX to ZABBIX" time="21.407">
    <system-out><![CDATA[
Scenario Outline: Create Device with a SITE that not exist in Zabbix as HostGroup &amp#27;[90m# src/test/resources/features/1_Create_Device.feature:62&amp#27;[0m
00:24:28.313 [main] INFO   - 
  _____   ___   ___   _____     ___   _____     _     ___   _____   ___   ___  
 |_   _| | __| / __| |_   _|   / __| |_   _|   /_\   | _ \ |_   _| | __| |   \ 
   | |   | _|  \__ \   | |     \__ \   | |    / _ \  |   /   | |   | _|  | |) |
   |_|   |___| |___/   |_|     |___/   |_|   /_/ \_\ |_|_\   |_|   |___| |___/ 

Create Device with a SITE that not exist in Zabbix as HostGroup(create-netbox-to-zabbix;create-device-with-a-site-that-not-exist-in-zabbix-as-hostgroup)
--------------------------------------------------------------------------------
00:24:28.367 [main] INFO  n.s.c.w.d.ChromeDriverProvider - Starting Chrome driver instance with capabilities:
00:24:28.367 [main] INFO  n.s.c.w.d.ChromeDriverProvider - Capabilities {acceptInsecureCerts: false, browserName: chrome, goog:chromeOptions: {args: [remote-allow-origins=*], extensions: []}}
  &amp#27;[32mGiven &amp#27;[0m&amp#27;[32mI am creating a device in Netbox&amp#27;[0m                                          &amp#27;[90m# Api_Netbox_Zabbix_Integration.stepdefinitions.CreateDeviceStepDef.i_am_creating_a_device_in_netbox()&amp#27;[0m
  &amp#27;[32mWhen &amp#27;[0m&amp#27;[32mThe field Name is &amp#27;[0m&amp#27;[32m&amp#27;[1m"E03_Test-01"&amp#27;[0m                                            &amp#27;[90m# Api_Netbox_Zabbix_Integration.stepdefinitions.CreateDeviceStepDef.the_field_name_is(java.lang.String)&amp#27;[0m
  &amp#27;[32mAnd &amp#27;[0m&amp#27;[32mThe field Device Role: &amp#27;[0m&amp#27;[32m&amp#27;[1m"device_role"&amp#27;[0m&amp#27;[32m is selected&amp#27;[0m                            &amp#27;[90m# Api_Netbox_Zabbix_Integration.stepdefinitions.CreateDeviceStepDef.the_field_device_role_is_selected(java.lang.String)&amp#27;[0m
  &amp#27;[32mAnd &amp#27;[0m&amp#27;[32mThe field Device Type: &amp#27;[0m&amp#27;[32m&amp#27;[1m"Device Type"&amp#27;[0m&amp#27;[32m is selected&amp#27;[0m                            &amp#27;[90m# Api_Netbox_Zabbix_Integration.stepdefinitions.CreateDeviceStepDef.the_field_device_type_is_selected(java.lang.String)&amp#27;[0m
  &amp#27;[32mAnd &amp#27;[0m&amp#27;[32mThe field Site: &amp#27;[0m&amp#27;[32m&amp#27;[1m"SITIO-02"&amp#27;[0m&amp#27;[32m is selected&amp#27;[0m                                      &amp#27;[90m# Api_Netbox_Zabbix_Integration.stepdefinitions.CreateDeviceStepDef.the_field_site_is_selected(java.lang.String)&amp#27;[0m
  &amp#27;[32mAnd &amp#27;[0m&amp#27;[32mThe field Platform: &amp#27;[0m&amp#27;[32m&amp#27;[1m"Windows Server 2019"&amp#27;[0m&amp#27;[32m is selected&amp#27;[0m                       &amp#27;[90m# Api_Netbox_Zabbix_Integration.stepdefinitions.CreateDeviceStepDef.the_field_platform_is_selected(java.lang.String)&amp#27;[0m
  &amp#27;[32mAnd &amp#27;[0m&amp#27;[32mThe button Create Device is clicked&amp#27;[0m                                         &amp#27;[90m# Api_Netbox_Zabbix_Integration.stepdefinitions.CreateDeviceStepDef.the_button_create_device_is_clicked()&amp#27;[0m
  &amp#27;[32mGiven &amp#27;[0m&amp#27;[32mI log in successfully in Zabbix&amp#27;[0m                                           &amp#27;[90m# Api_Netbox_Zabbix_Integration.stepdefinitions.CreateDeviceStepDef.iLogInSuccessfullyInZabbix()&amp#27;[0m
  &amp#27;[32mThen &amp#27;[0m&amp#27;[32mThe Zabbix host: &amp#27;[0m&amp#27;[32m&amp#27;[1m"E03_Test-01"&amp#27;[0m&amp#27;[32m does not appear in Zabbix&amp#27;[0m                   &amp#27;[90m# Api_Netbox_Zabbix_Integration.stepdefinitions.CreateDeviceStepDef.theZabbixHostDeviceNameDoesNotAppearInZabbix(java.lang.String)&amp#27;[0m
00:24:49.714 [main] INFO   - 
  _____   ___   ___   _____     ___     _     ___   ___   ___   ___  
 |_   _| | __| / __| |_   _|   | _ \   /_\   / __| / __| | __| |   \ 
   | |   | _|  \__ \   | |     |  _/  / _ \  \__ \ \__ \ | _|  | |) |
   |_|   |___| |___/   |_|     |_|   /_/ \_\ |___/ |___/ |___| |___/ 

Create Device with a SITE that not exist in Zabbix as HostGroup
----------------------------------------------------------------------
]]></system-out>
    <system-err><![CDATA[jul. 22, 2023 12:24:28 A. M. org.openqa.selenium.remote.service.DriverService$Builder getLogOutput
INFO: Driver logs no longer sent to console by default; https://www.selenium.dev/documentation/webdriver/drivers/service/#setting-log-output
jul. 22, 2023 12:24:31 A. M. org.openqa.selenium.devtools.CdpVersionFinder findNearestMatch
WARNING: Unable to find an exact match for CDP version 115, so returning the closest version found: 114
]]></system-err>
  </testcase>
  <testcase name="Create Device with a SITE that not exist in Zabbix as HostGroup #2" classname="Create NETBOX to ZABBIX" time="21.35">
    <system-out><![CDATA[
Scenario Outline: Create Device with a SITE that not exist in Zabbix as HostGroup &amp#27;[90m# src/test/resources/features/1_Create_Device.feature:63&amp#27;[0m
00:24:49.768 [main] INFO  n.s.c.w.d.ChromeDriverProvider - Starting Chrome driver instance with capabilities:
00:24:49.768 [main] INFO  n.s.c.w.d.ChromeDriverProvider - Capabilities {acceptInsecureCerts: false, browserName: chrome, goog:chromeOptions: {args: [remote-allow-origins=*], extensions: []}}
  &amp#27;[32mGiven &amp#27;[0m&amp#27;[32mI am creating a device in Netbox&amp#27;[0m                                          &amp#27;[90m# Api_Netbox_Zabbix_Integration.stepdefinitions.CreateDeviceStepDef.i_am_creating_a_device_in_netbox()&amp#27;[0m
  &amp#27;[32mWhen &amp#27;[0m&amp#27;[32mThe field Name is &amp#27;[0m&amp#27;[32m&amp#27;[1m"E03_Test-02"&amp#27;[0m                                            &amp#27;[90m# Api_Netbox_Zabbix_Integration.stepdefinitions.CreateDeviceStepDef.the_field_name_is(java.lang.String)&amp#27;[0m
  &amp#27;[32mAnd &amp#27;[0m&amp#27;[32mThe field Device Role: &amp#27;[0m&amp#27;[32m&amp#27;[1m"device_role"&amp#27;[0m&amp#27;[32m is selected&amp#27;[0m                            &amp#27;[90m# Api_Netbox_Zabbix_Integration.stepdefinitions.CreateDeviceStepDef.the_field_device_role_is_selected(java.lang.String)&amp#27;[0m
  &amp#27;[32mAnd &amp#27;[0m&amp#27;[32mThe field Device Type: &amp#27;[0m&amp#27;[32m&amp#27;[1m"Device Type"&amp#27;[0m&amp#27;[32m is selected&amp#27;[0m                            &amp#27;[90m# Api_Netbox_Zabbix_Integration.stepdefinitions.CreateDeviceStepDef.the_field_device_type_is_selected(java.lang.String)&amp#27;[0m
  &amp#27;[32mAnd &amp#27;[0m&amp#27;[32mThe field Site: &amp#27;[0m&amp#27;[32m&amp#27;[1m"SITIO-02"&amp#27;[0m&amp#27;[32m is selected&amp#27;[0m                                      &amp#27;[90m# Api_Netbox_Zabbix_Integration.stepdefinitions.CreateDeviceStepDef.the_field_site_is_selected(java.lang.String)&amp#27;[0m
  &amp#27;[32mAnd &amp#27;[0m&amp#27;[32mThe field Platform: &amp#27;[0m&amp#27;[32m&amp#27;[1m"Windows Server 2019"&amp#27;[0m&amp#27;[32m is selected&amp#27;[0m                       &amp#27;[90m# Api_Netbox_Zabbix_Integration.stepdefinitions.CreateDeviceStepDef.the_field_platform_is_selected(java.lang.String)&amp#27;[0m
  &amp#27;[32mAnd &amp#27;[0m&amp#27;[32mThe button Create Device is clicked&amp#27;[0m                                         &amp#27;[90m# Api_Netbox_Zabbix_Integration.stepdefinitions.CreateDeviceStepDef.the_button_create_device_is_clicked()&amp#27;[0m
  &amp#27;[32mGiven &amp#27;[0m&amp#27;[32mI log in successfully in Zabbix&amp#27;[0m                                           &amp#27;[90m# Api_Netbox_Zabbix_Integration.stepdefinitions.CreateDeviceStepDef.iLogInSuccessfullyInZabbix()&amp#27;[0m
  &amp#27;[32mThen &amp#27;[0m&amp#27;[32mThe Zabbix host: &amp#27;[0m&amp#27;[32m&amp#27;[1m"E03_Test-02"&amp#27;[0m&amp#27;[32m does not appear in Zabbix&amp#27;[0m                   &amp#27;[90m# Api_Netbox_Zabbix_Integration.stepdefinitions.CreateDeviceStepDef.theZabbixHostDeviceNameDoesNotAppearInZabbix(java.lang.String)&amp#27;[0m
00:25:11.065 [main] INFO   - 
  _____   ___   ___   _____     ___     _     ___   ___   ___   ___  
 |_   _| | __| / __| |_   _|   | _ \   /_\   / __| / __| | __| |   \ 
   | |   | _|  \__ \   | |     |  _/  / _ \  \__ \ \__ \ | _|  | |) |
   |_|   |___| |___/   |_|     |_|   /_/ \_\ |___/ |___/ |___| |___/ 

Create Device with a SITE that not exist in Zabbix as HostGroup
----------------------------------------------------------------------
]]></system-out>
    <system-err><![CDATA[jul. 22, 2023 12:24:49 A. M. org.openqa.selenium.remote.service.DriverService$Builder getLogOutput
INFO: Driver logs no longer sent to console by default; https://www.selenium.dev/documentation/webdriver/drivers/service/#setting-log-output
jul. 22, 2023 12:24:51 A. M. org.openqa.selenium.devtools.CdpVersionFinder findNearestMatch
WARNING: Unable to find an exact match for CDP version 115, so returning the closest version found: 114
]]></system-err>
  </testcase>
  <testcase name="Cleaning up Netbox Devices" classname="Delete devices from NETBOX to ZABBIX" time="14.934">
    <system-out><![CDATA[00:25:11.068 [main] INFO   - Test Suite Started: Delete devices from NETBOX to ZABBIX

Scenario: Cleaning up Netbox Devices              &amp#27;[90m# src/test/resources/features/2_Delete_Device.feature:5&amp#27;[0m
00:25:11.071 [main] INFO   - 
  _____   ___   ___   _____     ___   _____     _     ___   _____   ___   ___  
 |_   _| | __| / __| |_   _|   / __| |_   _|   /_\   | _ \ |_   _| | __| |   \ 
   | |   | _|  \__ \   | |     \__ \   | |    / _ \  |   /   | |   | _|  | |) |
   |_|   |___| |___/   |_|     |___/   |_|   /_/ \_\ |_|_\   |_|   |___| |___/ 

Cleaning up Netbox Devices(delete-devices-from-netbox-to-zabbix;cleaning-up-netbox-devices)
--------------------------------------------------------------------------------
00:25:11.118 [main] INFO  n.s.c.w.d.ChromeDriverProvider - Starting Chrome driver instance with capabilities:
00:25:11.118 [main] INFO  n.s.c.w.d.ChromeDriverProvider - Capabilities {acceptInsecureCerts: false, browserName: chrome, goog:chromeOptions: {args: [remote-allow-origins=*], extensions: []}}
  &amp#27;[32mGiven &amp#27;[0m&amp#27;[32mThere are any device in Devices in Netbox&amp#27;[0m &amp#27;[90m# Api_Netbox_Zabbix_Integration.stepdefinitions.DeleteDeviceStepDef.thereAreAnyDeviceInDevicesInNetbox()&amp#27;[0m
00:25:25.358 [main] INFO   - 
  _____   ___   ___   _____     ___     _     ___   ___   ___   ___  
 |_   _| | __| / __| |_   _|   | _ \   /_\   / __| / __| | __| |   \ 
   | |   | _|  \__ \   | |     |  _/  / _ \  \__ \ \__ \ | _|  | |) |
   |_|   |___| |___/   |_|     |_|   /_/ \_\ |___/ |___/ |___| |___/ 

Cleaning up Netbox Devices
----------------------------------------------------------------------
]]></system-out>
    <system-err><![CDATA[jul. 22, 2023 12:25:11 A. M. org.openqa.selenium.remote.service.DriverService$Builder getLogOutput
INFO: Driver logs no longer sent to console by default; https://www.selenium.dev/documentation/webdriver/drivers/service/#setting-log-output
jul. 22, 2023 12:25:12 A. M. org.openqa.selenium.devtools.CdpVersionFinder findNearestMatch
WARNING: Unable to find an exact match for CDP version 115, so returning the closest version found: 114
]]></system-err>
  </testcase>
  <testcase name="Delete one Netbox Device #1" classname="Delete devices from NETBOX to ZABBIX" time="21.914">
    <system-out><![CDATA[
Scenario Outline: Delete one Netbox Device                  &amp#27;[90m# src/test/resources/features/2_Delete_Device.feature:16&amp#27;[0m
00:25:26.007 [main] INFO   - 
  _____   ___   ___   _____     ___   _____     _     ___   _____   ___   ___  
 |_   _| | __| / __| |_   _|   / __| |_   _|   /_\   | _ \ |_   _| | __| |   \ 
   | |   | _|  \__ \   | |     \__ \   | |    / _ \  |   /   | |   | _|  | |) |
   |_|   |___| |___/   |_|     |___/   |_|   /_/ \_\ |_|_\   |_|   |___| |___/ 

Delete one Netbox Device(delete-devices-from-netbox-to-zabbix;delete-one-netbox-device)
--------------------------------------------------------------------------------
00:25:26.055 [main] INFO  n.s.c.w.d.ChromeDriverProvider - Starting Chrome driver instance with capabilities:
00:25:26.055 [main] INFO  n.s.c.w.d.ChromeDriverProvider - Capabilities {acceptInsecureCerts: false, browserName: chrome, goog:chromeOptions: {args: [remote-allow-origins=*], extensions: []}}
  &amp#27;[32mGiven &amp#27;[0m&amp#27;[32mI have &amp#27;[0m&amp#27;[32m&amp#27;[1m"E01_DELETE-01"&amp#27;[0m&amp#27;[32m devices in Netbox and Zabbix&amp#27;[0m &amp#27;[90m# Api_Netbox_Zabbix_Integration.stepdefinitions.DeleteDeviceStepDef.i_have_devices_in_netbox_and_zabbix(java.lang.String)&amp#27;[0m
  &amp#27;[32mWhen &amp#27;[0m&amp#27;[32mI delete the device &amp#27;[0m&amp#27;[32m&amp#27;[1m"E01_DELETE-01"&amp#27;[0m                  &amp#27;[90m# Api_Netbox_Zabbix_Integration.stepdefinitions.DeleteDeviceStepDef.i_delete_the_device(java.lang.String)&amp#27;[0m
  &amp#27;[32mThen &amp#27;[0m&amp#27;[32m&amp#27;[0m&amp#27;[32m&amp#27;[1m"E01_DELETE-01"&amp#27;[0m&amp#27;[32m should not exist in Zabbix&amp#27;[0m           &amp#27;[90m# Api_Netbox_Zabbix_Integration.stepdefinitions.DeleteDeviceStepDef.should_not_exist_in_zabbix(java.lang.String)&amp#27;[0m
00:25:47.916 [main] INFO   - 
  _____   ___   ___   _____     ___     _     ___   ___   ___   ___  
 |_   _| | __| / __| |_   _|   | _ \   /_\   / __| / __| | __| |   \ 
   | |   | _|  \__ \   | |     |  _/  / _ \  \__ \ \__ \ | _|  | |) |
   |_|   |___| |___/   |_|     |_|   /_/ \_\ |___/ |___/ |___| |___/ 

Delete one Netbox Device
----------------------------------------------------------------------
]]></system-out>
    <system-err><![CDATA[jul. 22, 2023 12:25:26 A. M. org.openqa.selenium.remote.service.DriverService$Builder getLogOutput
INFO: Driver logs no longer sent to console by default; https://www.selenium.dev/documentation/webdriver/drivers/service/#setting-log-output
jul. 22, 2023 12:25:29 A. M. org.openqa.selenium.devtools.CdpVersionFinder findNearestMatch
WARNING: Unable to find an exact match for CDP version 115, so returning the closest version found: 114
]]></system-err>
  </testcase>
  <testcase name="Delete one Netbox Device #2" classname="Delete devices from NETBOX to ZABBIX" time="20.942">
    <system-out><![CDATA[
Scenario Outline: Delete one Netbox Device                  &amp#27;[90m# src/test/resources/features/2_Delete_Device.feature:17&amp#27;[0m
00:25:47.967 [main] INFO  n.s.c.w.d.ChromeDriverProvider - Starting Chrome driver instance with capabilities:
00:25:47.968 [main] INFO  n.s.c.w.d.ChromeDriverProvider - Capabilities {acceptInsecureCerts: false, browserName: chrome, goog:chromeOptions: {args: [remote-allow-origins=*], extensions: []}}
  &amp#27;[32mGiven &amp#27;[0m&amp#27;[32mI have &amp#27;[0m&amp#27;[32m&amp#27;[1m"E01_DELETE-02"&amp#27;[0m&amp#27;[32m devices in Netbox and Zabbix&amp#27;[0m &amp#27;[90m# Api_Netbox_Zabbix_Integration.stepdefinitions.DeleteDeviceStepDef.i_have_devices_in_netbox_and_zabbix(java.lang.String)&amp#27;[0m
  &amp#27;[32mWhen &amp#27;[0m&amp#27;[32mI delete the device &amp#27;[0m&amp#27;[32m&amp#27;[1m"E01_DELETE-02"&amp#27;[0m                  &amp#27;[90m# Api_Netbox_Zabbix_Integration.stepdefinitions.DeleteDeviceStepDef.i_delete_the_device(java.lang.String)&amp#27;[0m
  &amp#27;[32mThen &amp#27;[0m&amp#27;[32m&amp#27;[0m&amp#27;[32m&amp#27;[1m"E01_DELETE-02"&amp#27;[0m&amp#27;[32m should not exist in Zabbix&amp#27;[0m           &amp#27;[90m# Api_Netbox_Zabbix_Integration.stepdefinitions.DeleteDeviceStepDef.should_not_exist_in_zabbix(java.lang.String)&amp#27;[0m
00:26:08.858 [main] INFO   - 
  _____   ___   ___   _____     ___     _     ___   ___   ___   ___  
 |_   _| | __| / __| |_   _|   | _ \   /_\   / __| / __| | __| |   \ 
   | |   | _|  \__ \   | |     |  _/  / _ \  \__ \ \__ \ | _|  | |) |
   |_|   |___| |___/   |_|     |_|   /_/ \_\ |___/ |___/ |___| |___/ 

Delete one Netbox Device
----------------------------------------------------------------------
]]></system-out>
    <system-err><![CDATA[jul. 22, 2023 12:25:47 A. M. org.openqa.selenium.remote.service.DriverService$Builder getLogOutput
INFO: Driver logs no longer sent to console by default; https://www.selenium.dev/documentation/webdriver/drivers/service/#setting-log-output
jul. 22, 2023 12:25:50 A. M. org.openqa.selenium.devtools.CdpVersionFinder findNearestMatch
WARNING: Unable to find an exact match for CDP version 115, so returning the closest version found: 114
]]></system-err>
  </testcase>
  <testcase name="Delete many Netobx Devices" classname="Delete devices from NETBOX to ZABBIX" time="38.028">
    <system-out><![CDATA[
Scenario: Delete many Netobx Devices            &amp#27;[90m# src/test/resources/features/2_Delete_Device.feature:19&amp#27;[0m
00:26:08.862 [main] INFO   - 
  _____   ___   ___   _____     ___   _____     _     ___   _____   ___   ___  
 |_   _| | __| / __| |_   _|   / __| |_   _|   /_\   | _ \ |_   _| | __| |   \ 
   | |   | _|  \__ \   | |     \__ \   | |    / _ \  |   /   | |   | _|  | |) |
   |_|   |___| |___/   |_|     |___/   |_|   /_/ \_\ |_|_\   |_|   |___| |___/ 

Delete many Netobx Devices(delete-devices-from-netbox-to-zabbix;delete-many-netobx-devices)
--------------------------------------------------------------------------------
00:26:08.904 [main] INFO  n.s.c.w.d.ChromeDriverProvider - Starting Chrome driver instance with capabilities:
00:26:08.904 [main] INFO  n.s.c.w.d.ChromeDriverProvider - Capabilities {acceptInsecureCerts: false, browserName: chrome, goog:chromeOptions: {args: [remote-allow-origins=*], extensions: []}}
  &amp#27;[32mGiven &amp#27;[0m&amp#27;[32mI have &amp#27;[0m&amp#27;[32m&amp#27;[1m5&amp#27;[0m&amp#27;[32m Devices in Netbox and Zabbix&amp#27;[0m   &amp#27;[90m# Api_Netbox_Zabbix_Integration.stepdefinitions.DeleteDeviceStepDef.i_have_devices_in_netbox_and_zabbix(java.lang.Integer)&amp#27;[0m
  &amp#27;[32mWhen &amp#27;[0m&amp#27;[32mI delete all the devices&amp#27;[0m                 &amp#27;[90m# Api_Netbox_Zabbix_Integration.stepdefinitions.DeleteDeviceStepDef.i_delete_all_the_devices()&amp#27;[0m
  &amp#27;[32mThen &amp#27;[0m&amp#27;[32mI should not see the &amp#27;[0m&amp#27;[32m&amp#27;[1m5&amp#27;[0m&amp#27;[32m devices in Zabbix&amp#27;[0m &amp#27;[90m# Api_Netbox_Zabbix_Integration.stepdefinitions.DeleteDeviceStepDef.i_should_not_see_the_devices_in_zabbix(int)&amp#27;[0m
00:26:46.260 [main] INFO   - 
  _____   ___   ___   _____     ___     _     ___   ___   ___   ___  
 |_   _| | __| / __| |_   _|   | _ \   /_\   / __| / __| | __| |   \ 
   | |   | _|  \__ \   | |     |  _/  / _ \  \__ \ \__ \ | _|  | |) |
   |_|   |___| |___/   |_|     |_|   /_/ \_\ |___/ |___/ |___| |___/ 

Delete many Netobx Devices
----------------------------------------------------------------------
]]></system-out>
    <system-err><![CDATA[jul. 22, 2023 12:26:08 A. M. org.openqa.selenium.remote.service.DriverService$Builder getLogOutput
INFO: Driver logs no longer sent to console by default; https://www.selenium.dev/documentation/webdriver/drivers/service/#setting-log-output
jul. 22, 2023 12:26:10 A. M. org.openqa.selenium.devtools.CdpVersionFinder findNearestMatch
WARNING: Unable to find an exact match for CDP version 115, so returning the closest version found: 114
]]></system-err>
  </testcase>
</testsuite>